{"total": {"lines":{"total":5223,"covered":5000,"skipped":0,"pct":95.73},"statements":{"total":5223,"covered":5000,"skipped":0,"pct":95.73},"functions":{"total":118,"covered":90,"skipped":0,"pct":76.27},"branches":{"total":333,"covered":298,"skipped":0,"pct":89.48},"branchesTrue":{"total":0,"covered":0,"skipped":0,"pct":100}}
,"/home/runner/work/hoyoapi/hoyoapi/src/index.ts": {"lines":{"total":9,"covered":9,"skipped":0,"pct":100},"functions":{"total":0,"covered":0,"skipped":0,"pct":100},"statements":{"total":9,"covered":9,"skipped":0,"pct":100},"branches":{"total":0,"covered":0,"skipped":0,"pct":100}}
,"/home/runner/work/hoyoapi/hoyoapi/src/cache/cache.ts": {"lines":{"total":84,"covered":75,"skipped":0,"pct":89.28},"functions":{"total":7,"covered":5,"skipped":0,"pct":71.42},"statements":{"total":84,"covered":75,"skipped":0,"pct":89.28},"branches":{"total":12,"covered":9,"skipped":0,"pct":75}}
,"/home/runner/work/hoyoapi/hoyoapi/src/cache/index.ts": {"lines":{"total":4,"covered":4,"skipped":0,"pct":100},"functions":{"total":1,"covered":1,"skipped":0,"pct":100},"statements":{"total":4,"covered":4,"skipped":0,"pct":100},"branches":{"total":1,"covered":1,"skipped":0,"pct":100}}
,"/home/runner/work/hoyoapi/hoyoapi/src/client/index.ts": {"lines":{"total":4,"covered":4,"skipped":0,"pct":100},"functions":{"total":0,"covered":0,"skipped":0,"pct":100},"statements":{"total":4,"covered":4,"skipped":0,"pct":100},"branches":{"total":0,"covered":0,"skipped":0,"pct":100}}
,"/home/runner/work/hoyoapi/hoyoapi/src/client/gi/gi.helper.ts": {"lines":{"total":33,"covered":33,"skipped":0,"pct":100},"functions":{"total":1,"covered":1,"skipped":0,"pct":100},"statements":{"total":33,"covered":33,"skipped":0,"pct":100},"branches":{"total":7,"covered":7,"skipped":0,"pct":100}}
,"/home/runner/work/hoyoapi/hoyoapi/src/client/gi/gi.interface.ts": {"lines":{"total":40,"covered":40,"skipped":0,"pct":100},"functions":{"total":0,"covered":0,"skipped":0,"pct":100},"statements":{"total":40,"covered":40,"skipped":0,"pct":100},"branches":{"total":1,"covered":1,"skipped":0,"pct":100}}
,"/home/runner/work/hoyoapi/hoyoapi/src/client/gi/gi.ts": {"lines":{"total":327,"covered":296,"skipped":0,"pct":90.51},"functions":{"total":17,"covered":5,"skipped":0,"pct":29.41},"statements":{"total":327,"covered":296,"skipped":0,"pct":90.51},"branches":{"total":12,"covered":11,"skipped":0,"pct":91.66}}
,"/home/runner/work/hoyoapi/hoyoapi/src/client/gi/index.ts": {"lines":{"total":8,"covered":8,"skipped":0,"pct":100},"functions":{"total":0,"covered":0,"skipped":0,"pct":100},"statements":{"total":8,"covered":8,"skipped":0,"pct":100},"branches":{"total":0,"covered":0,"skipped":0,"pct":100}}
,"/home/runner/work/hoyoapi/hoyoapi/src/client/gi/diary/diary.interface.ts": {"lines":{"total":178,"covered":178,"skipped":0,"pct":100},"functions":{"total":0,"covered":0,"skipped":0,"pct":100},"statements":{"total":178,"covered":178,"skipped":0,"pct":100},"branches":{"total":2,"covered":2,"skipped":0,"pct":100}}
,"/home/runner/work/hoyoapi/hoyoapi/src/client/gi/diary/diary.ts": {"lines":{"total":164,"covered":152,"skipped":0,"pct":92.68},"functions":{"total":4,"covered":4,"skipped":0,"pct":100},"statements":{"total":164,"covered":152,"skipped":0,"pct":92.68},"branches":{"total":26,"covered":23,"skipped":0,"pct":88.46}}
,"/home/runner/work/hoyoapi/hoyoapi/src/client/gi/diary/index.ts": {"lines":{"total":2,"covered":2,"skipped":0,"pct":100},"functions":{"total":0,"covered":0,"skipped":0,"pct":100},"statements":{"total":2,"covered":2,"skipped":0,"pct":100},"branches":{"total":0,"covered":0,"skipped":0,"pct":100}}
,"/home/runner/work/hoyoapi/hoyoapi/src/client/gi/record/index.ts": {"lines":{"total":3,"covered":3,"skipped":0,"pct":100},"functions":{"total":0,"covered":0,"skipped":0,"pct":100},"statements":{"total":3,"covered":3,"skipped":0,"pct":100},"branches":{"total":0,"covered":0,"skipped":0,"pct":100}}
,"/home/runner/work/hoyoapi/hoyoapi/src/client/gi/record/record.enum.ts": {"lines":{"total":15,"covered":15,"skipped":0,"pct":100},"functions":{"total":0,"covered":0,"skipped":0,"pct":100},"statements":{"total":15,"covered":15,"skipped":0,"pct":100},"branches":{"total":1,"covered":1,"skipped":0,"pct":100}}
,"/home/runner/work/hoyoapi/hoyoapi/src/client/gi/record/record.ts": {"lines":{"total":234,"covered":204,"skipped":0,"pct":87.17},"functions":{"total":7,"covered":7,"skipped":0,"pct":100},"statements":{"total":234,"covered":204,"skipped":0,"pct":87.17},"branches":{"total":29,"covered":24,"skipped":0,"pct":82.75}}
,"/home/runner/work/hoyoapi/hoyoapi/src/client/gi/record/interfaces/characters.interface.ts": {"lines":{"total":295,"covered":295,"skipped":0,"pct":100},"functions":{"total":0,"covered":0,"skipped":0,"pct":100},"statements":{"total":295,"covered":295,"skipped":0,"pct":100},"branches":{"total":0,"covered":0,"skipped":0,"pct":100}}
,"/home/runner/work/hoyoapi/hoyoapi/src/client/gi/record/interfaces/dailyNote.interface.ts": {"lines":{"total":149,"covered":149,"skipped":0,"pct":100},"functions":{"total":0,"covered":0,"skipped":0,"pct":100},"statements":{"total":149,"covered":149,"skipped":0,"pct":100},"branches":{"total":0,"covered":0,"skipped":0,"pct":100}}
,"/home/runner/work/hoyoapi/hoyoapi/src/client/gi/record/interfaces/index.ts": {"lines":{"total":4,"covered":4,"skipped":0,"pct":100},"functions":{"total":0,"covered":0,"skipped":0,"pct":100},"statements":{"total":4,"covered":4,"skipped":0,"pct":100},"branches":{"total":0,"covered":0,"skipped":0,"pct":100}}
,"/home/runner/work/hoyoapi/hoyoapi/src/client/gi/record/interfaces/record.interface.ts": {"lines":{"total":276,"covered":276,"skipped":0,"pct":100},"functions":{"total":0,"covered":0,"skipped":0,"pct":100},"statements":{"total":276,"covered":276,"skipped":0,"pct":100},"branches":{"total":0,"covered":0,"skipped":0,"pct":100}}
,"/home/runner/work/hoyoapi/hoyoapi/src/client/gi/record/interfaces/spiralAbyss.interface.ts": {"lines":{"total":183,"covered":183,"skipped":0,"pct":100},"functions":{"total":0,"covered":0,"skipped":0,"pct":100},"statements":{"total":183,"covered":183,"skipped":0,"pct":100},"branches":{"total":0,"covered":0,"skipped":0,"pct":100}}
,"/home/runner/work/hoyoapi/hoyoapi/src/client/gi/tcg/index.ts": {"lines":{"total":2,"covered":2,"skipped":0,"pct":100},"functions":{"total":0,"covered":0,"skipped":0,"pct":100},"statements":{"total":2,"covered":2,"skipped":0,"pct":100},"branches":{"total":0,"covered":0,"skipped":0,"pct":100}}
,"/home/runner/work/hoyoapi/hoyoapi/src/client/gi/tcg/tcg.interface.ts": {"lines":{"total":149,"covered":149,"skipped":0,"pct":100},"functions":{"total":0,"covered":0,"skipped":0,"pct":100},"statements":{"total":149,"covered":149,"skipped":0,"pct":100},"branches":{"total":0,"covered":0,"skipped":0,"pct":100}}
,"/home/runner/work/hoyoapi/hoyoapi/src/client/gi/tcg/tcg.ts": {"lines":{"total":241,"covered":241,"skipped":0,"pct":100},"functions":{"total":8,"covered":8,"skipped":0,"pct":100},"statements":{"total":241,"covered":241,"skipped":0,"pct":100},"branches":{"total":27,"covered":21,"skipped":0,"pct":77.77}}
,"/home/runner/work/hoyoapi/hoyoapi/src/client/hi/hi.helper.ts": {"lines":{"total":27,"covered":27,"skipped":0,"pct":100},"functions":{"total":1,"covered":1,"skipped":0,"pct":100},"statements":{"total":27,"covered":27,"skipped":0,"pct":100},"branches":{"total":2,"covered":2,"skipped":0,"pct":100}}
,"/home/runner/work/hoyoapi/hoyoapi/src/client/hi/hi.interface.ts": {"lines":{"total":32,"covered":32,"skipped":0,"pct":100},"functions":{"total":0,"covered":0,"skipped":0,"pct":100},"statements":{"total":32,"covered":32,"skipped":0,"pct":100},"branches":{"total":1,"covered":1,"skipped":0,"pct":100}}
,"/home/runner/work/hoyoapi/hoyoapi/src/client/hi/hi.ts": {"lines":{"total":232,"covered":230,"skipped":0,"pct":99.13},"functions":{"total":10,"covered":5,"skipped":0,"pct":50},"statements":{"total":232,"covered":230,"skipped":0,"pct":99.13},"branches":{"total":12,"covered":11,"skipped":0,"pct":91.66}}
,"/home/runner/work/hoyoapi/hoyoapi/src/client/hi/index.ts": {"lines":{"total":4,"covered":4,"skipped":0,"pct":100},"functions":{"total":0,"covered":0,"skipped":0,"pct":100},"statements":{"total":4,"covered":4,"skipped":0,"pct":100},"branches":{"total":0,"covered":0,"skipped":0,"pct":100}}
,"/home/runner/work/hoyoapi/hoyoapi/src/client/hi/record/index.ts": {"lines":{"total":2,"covered":2,"skipped":0,"pct":100},"functions":{"total":0,"covered":0,"skipped":0,"pct":100},"statements":{"total":2,"covered":2,"skipped":0,"pct":100},"branches":{"total":0,"covered":0,"skipped":0,"pct":100}}
,"/home/runner/work/hoyoapi/hoyoapi/src/client/hi/record/record.ts": {"lines":{"total":222,"covered":134,"skipped":0,"pct":60.36},"functions":{"total":7,"covered":4,"skipped":0,"pct":57.14},"statements":{"total":222,"covered":134,"skipped":0,"pct":60.36},"branches":{"total":8,"covered":4,"skipped":0,"pct":50}}
,"/home/runner/work/hoyoapi/hoyoapi/src/client/hi/record/interfaces/abyss.interface.ts": {"lines":{"total":37,"covered":37,"skipped":0,"pct":100},"functions":{"total":0,"covered":0,"skipped":0,"pct":100},"statements":{"total":37,"covered":37,"skipped":0,"pct":100},"branches":{"total":0,"covered":0,"skipped":0,"pct":100}}
,"/home/runner/work/hoyoapi/hoyoapi/src/client/hi/record/interfaces/arena.interface.ts": {"lines":{"total":5,"covered":5,"skipped":0,"pct":100},"functions":{"total":0,"covered":0,"skipped":0,"pct":100},"statements":{"total":5,"covered":5,"skipped":0,"pct":100},"branches":{"total":0,"covered":0,"skipped":0,"pct":100}}
,"/home/runner/work/hoyoapi/hoyoapi/src/client/hi/record/interfaces/character.interface.ts": {"lines":{"total":37,"covered":37,"skipped":0,"pct":100},"functions":{"total":0,"covered":0,"skipped":0,"pct":100},"statements":{"total":37,"covered":37,"skipped":0,"pct":100},"branches":{"total":0,"covered":0,"skipped":0,"pct":100}}
,"/home/runner/work/hoyoapi/hoyoapi/src/client/hi/record/interfaces/elysian.interface.ts": {"lines":{"total":20,"covered":20,"skipped":0,"pct":100},"functions":{"total":0,"covered":0,"skipped":0,"pct":100},"statements":{"total":20,"covered":20,"skipped":0,"pct":100},"branches":{"total":0,"covered":0,"skipped":0,"pct":100}}
,"/home/runner/work/hoyoapi/hoyoapi/src/client/hi/record/interfaces/index.ts": {"lines":{"total":5,"covered":5,"skipped":0,"pct":100},"functions":{"total":0,"covered":0,"skipped":0,"pct":100},"statements":{"total":5,"covered":5,"skipped":0,"pct":100},"branches":{"total":0,"covered":0,"skipped":0,"pct":100}}
,"/home/runner/work/hoyoapi/hoyoapi/src/client/hi/record/interfaces/record.interface.ts": {"lines":{"total":55,"covered":55,"skipped":0,"pct":100},"functions":{"total":0,"covered":0,"skipped":0,"pct":100},"statements":{"total":55,"covered":55,"skipped":0,"pct":100},"branches":{"total":0,"covered":0,"skipped":0,"pct":100}}
,"/home/runner/work/hoyoapi/hoyoapi/src/client/hoyolab/hoyolab.interface.ts": {"lines":{"total":116,"covered":116,"skipped":0,"pct":100},"functions":{"total":0,"covered":0,"skipped":0,"pct":100},"statements":{"total":116,"covered":116,"skipped":0,"pct":100},"branches":{"total":1,"covered":1,"skipped":0,"pct":100}}
,"/home/runner/work/hoyoapi/hoyoapi/src/client/hoyolab/hoyolab.ts": {"lines":{"total":156,"covered":151,"skipped":0,"pct":96.79},"functions":{"total":5,"covered":4,"skipped":0,"pct":80},"statements":{"total":156,"covered":151,"skipped":0,"pct":96.79},"branches":{"total":13,"covered":12,"skipped":0,"pct":92.3}}
,"/home/runner/work/hoyoapi/hoyoapi/src/client/hoyolab/index.ts": {"lines":{"total":2,"covered":2,"skipped":0,"pct":100},"functions":{"total":0,"covered":0,"skipped":0,"pct":100},"statements":{"total":2,"covered":2,"skipped":0,"pct":100},"branches":{"total":0,"covered":0,"skipped":0,"pct":100}}
,"/home/runner/work/hoyoapi/hoyoapi/src/client/hsr/hsr.helper.ts": {"lines":{"total":32,"covered":32,"skipped":0,"pct":100},"functions":{"total":1,"covered":1,"skipped":0,"pct":100},"statements":{"total":32,"covered":32,"skipped":0,"pct":100},"branches":{"total":7,"covered":7,"skipped":0,"pct":100}}
,"/home/runner/work/hoyoapi/hoyoapi/src/client/hsr/hsr.interface.ts": {"lines":{"total":15,"covered":15,"skipped":0,"pct":100},"functions":{"total":0,"covered":0,"skipped":0,"pct":100},"statements":{"total":15,"covered":15,"skipped":0,"pct":100},"branches":{"total":1,"covered":1,"skipped":0,"pct":100}}
,"/home/runner/work/hoyoapi/hoyoapi/src/client/hsr/hsr.ts": {"lines":{"total":225,"covered":225,"skipped":0,"pct":100},"functions":{"total":10,"covered":5,"skipped":0,"pct":50},"statements":{"total":225,"covered":225,"skipped":0,"pct":100},"branches":{"total":11,"covered":11,"skipped":0,"pct":100}}
,"/home/runner/work/hoyoapi/hoyoapi/src/client/hsr/index.ts": {"lines":{"total":4,"covered":4,"skipped":0,"pct":100},"functions":{"total":0,"covered":0,"skipped":0,"pct":100},"statements":{"total":4,"covered":4,"skipped":0,"pct":100},"branches":{"total":0,"covered":0,"skipped":0,"pct":100}}
,"/home/runner/work/hoyoapi/hoyoapi/src/client/hsr/record/index.ts": {"lines":{"total":3,"covered":3,"skipped":0,"pct":100},"functions":{"total":0,"covered":0,"skipped":0,"pct":100},"statements":{"total":3,"covered":3,"skipped":0,"pct":100},"branches":{"total":0,"covered":0,"skipped":0,"pct":100}}
,"/home/runner/work/hoyoapi/hoyoapi/src/client/hsr/record/record.enum.ts": {"lines":{"total":15,"covered":15,"skipped":0,"pct":100},"functions":{"total":0,"covered":0,"skipped":0,"pct":100},"statements":{"total":15,"covered":15,"skipped":0,"pct":100},"branches":{"total":1,"covered":1,"skipped":0,"pct":100}}
,"/home/runner/work/hoyoapi/hoyoapi/src/client/hsr/record/record.ts": {"lines":{"total":185,"covered":151,"skipped":0,"pct":81.62},"functions":{"total":6,"covered":6,"skipped":0,"pct":100},"statements":{"total":185,"covered":151,"skipped":0,"pct":81.62},"branches":{"total":15,"covered":6,"skipped":0,"pct":40}}
,"/home/runner/work/hoyoapi/hoyoapi/src/client/hsr/record/interfaces/characters.interface.ts": {"lines":{"total":50,"covered":50,"skipped":0,"pct":100},"functions":{"total":0,"covered":0,"skipped":0,"pct":100},"statements":{"total":50,"covered":50,"skipped":0,"pct":100},"branches":{"total":0,"covered":0,"skipped":0,"pct":100}}
,"/home/runner/work/hoyoapi/hoyoapi/src/client/hsr/record/interfaces/forgottenHall.interface.ts": {"lines":{"total":19,"covered":19,"skipped":0,"pct":100},"functions":{"total":0,"covered":0,"skipped":0,"pct":100},"statements":{"total":19,"covered":19,"skipped":0,"pct":100},"branches":{"total":0,"covered":0,"skipped":0,"pct":100}}
,"/home/runner/work/hoyoapi/hoyoapi/src/client/hsr/record/interfaces/index.ts": {"lines":{"total":5,"covered":5,"skipped":0,"pct":100},"functions":{"total":0,"covered":0,"skipped":0,"pct":100},"statements":{"total":5,"covered":5,"skipped":0,"pct":100},"branches":{"total":0,"covered":0,"skipped":0,"pct":100}}
,"/home/runner/work/hoyoapi/hoyoapi/src/client/hsr/record/interfaces/note.interface.ts": {"lines":{"total":14,"covered":14,"skipped":0,"pct":100},"functions":{"total":0,"covered":0,"skipped":0,"pct":100},"statements":{"total":14,"covered":14,"skipped":0,"pct":100},"branches":{"total":0,"covered":0,"skipped":0,"pct":100}}
,"/home/runner/work/hoyoapi/hoyoapi/src/client/hsr/record/interfaces/record.interface.ts": {"lines":{"total":7,"covered":7,"skipped":0,"pct":100},"functions":{"total":0,"covered":0,"skipped":0,"pct":100},"statements":{"total":7,"covered":7,"skipped":0,"pct":100},"branches":{"total":0,"covered":0,"skipped":0,"pct":100}}
,"/home/runner/work/hoyoapi/hoyoapi/src/client/hsr/record/interfaces/stats.interface.ts": {"lines":{"total":7,"covered":7,"skipped":0,"pct":100},"functions":{"total":0,"covered":0,"skipped":0,"pct":100},"statements":{"total":7,"covered":7,"skipped":0,"pct":100},"branches":{"total":0,"covered":0,"skipped":0,"pct":100}}
,"/home/runner/work/hoyoapi/hoyoapi/src/cookie/cookie.helper.ts": {"lines":{"total":30,"covered":30,"skipped":0,"pct":100},"functions":{"total":2,"covered":2,"skipped":0,"pct":100},"statements":{"total":30,"covered":30,"skipped":0,"pct":100},"branches":{"total":5,"covered":5,"skipped":0,"pct":100}}
,"/home/runner/work/hoyoapi/hoyoapi/src/cookie/cookie.interface.ts": {"lines":{"total":49,"covered":49,"skipped":0,"pct":100},"functions":{"total":0,"covered":0,"skipped":0,"pct":100},"statements":{"total":49,"covered":49,"skipped":0,"pct":100},"branches":{"total":0,"covered":0,"skipped":0,"pct":100}}
,"/home/runner/work/hoyoapi/hoyoapi/src/cookie/cookie.ts": {"lines":{"total":112,"covered":112,"skipped":0,"pct":100},"functions":{"total":2,"covered":2,"skipped":0,"pct":100},"statements":{"total":112,"covered":112,"skipped":0,"pct":100},"branches":{"total":26,"covered":26,"skipped":0,"pct":100}}
,"/home/runner/work/hoyoapi/hoyoapi/src/cookie/index.ts": {"lines":{"total":2,"covered":2,"skipped":0,"pct":100},"functions":{"total":0,"covered":0,"skipped":0,"pct":100},"statements":{"total":2,"covered":2,"skipped":0,"pct":100},"branches":{"total":0,"covered":0,"skipped":0,"pct":100}}
,"/home/runner/work/hoyoapi/hoyoapi/src/error/error.ts": {"lines":{"total":46,"covered":46,"skipped":0,"pct":100},"functions":{"total":2,"covered":2,"skipped":0,"pct":100},"statements":{"total":46,"covered":46,"skipped":0,"pct":100},"branches":{"total":2,"covered":2,"skipped":0,"pct":100}}
,"/home/runner/work/hoyoapi/hoyoapi/src/error/index.ts": {"lines":{"total":1,"covered":1,"skipped":0,"pct":100},"functions":{"total":0,"covered":0,"skipped":0,"pct":100},"statements":{"total":1,"covered":1,"skipped":0,"pct":100},"branches":{"total":0,"covered":0,"skipped":0,"pct":100}}
,"/home/runner/work/hoyoapi/hoyoapi/src/language/index.ts": {"lines":{"total":2,"covered":2,"skipped":0,"pct":100},"functions":{"total":0,"covered":0,"skipped":0,"pct":100},"statements":{"total":2,"covered":2,"skipped":0,"pct":100},"branches":{"total":0,"covered":0,"skipped":0,"pct":100}}
,"/home/runner/work/hoyoapi/hoyoapi/src/language/language.interface.ts": {"lines":{"total":81,"covered":81,"skipped":0,"pct":100},"functions":{"total":0,"covered":0,"skipped":0,"pct":100},"statements":{"total":81,"covered":81,"skipped":0,"pct":100},"branches":{"total":1,"covered":1,"skipped":0,"pct":100}}
,"/home/runner/work/hoyoapi/hoyoapi/src/language/language.ts": {"lines":{"total":31,"covered":31,"skipped":0,"pct":100},"functions":{"total":1,"covered":1,"skipped":0,"pct":100},"statements":{"total":31,"covered":31,"skipped":0,"pct":100},"branches":{"total":7,"covered":7,"skipped":0,"pct":100}}
,"/home/runner/work/hoyoapi/hoyoapi/src/module/index.ts": {"lines":{"total":2,"covered":2,"skipped":0,"pct":100},"functions":{"total":0,"covered":0,"skipped":0,"pct":100},"statements":{"total":2,"covered":2,"skipped":0,"pct":100},"branches":{"total":0,"covered":0,"skipped":0,"pct":100}}
,"/home/runner/work/hoyoapi/hoyoapi/src/module/daily/daily.interface.ts": {"lines":{"total":137,"covered":137,"skipped":0,"pct":100},"functions":{"total":0,"covered":0,"skipped":0,"pct":100},"statements":{"total":137,"covered":137,"skipped":0,"pct":100},"branches":{"total":0,"covered":0,"skipped":0,"pct":100}}
,"/home/runner/work/hoyoapi/hoyoapi/src/module/daily/daily.ts": {"lines":{"total":226,"covered":214,"skipped":0,"pct":94.69},"functions":{"total":6,"covered":6,"skipped":0,"pct":100},"statements":{"total":226,"covered":214,"skipped":0,"pct":94.69},"branches":{"total":31,"covered":29,"skipped":0,"pct":93.54}}
,"/home/runner/work/hoyoapi/hoyoapi/src/module/daily/index.ts": {"lines":{"total":2,"covered":2,"skipped":0,"pct":100},"functions":{"total":0,"covered":0,"skipped":0,"pct":100},"statements":{"total":2,"covered":2,"skipped":0,"pct":100},"branches":{"total":0,"covered":0,"skipped":0,"pct":100}}
,"/home/runner/work/hoyoapi/hoyoapi/src/module/redeem/index.ts": {"lines":{"total":2,"covered":2,"skipped":0,"pct":100},"functions":{"total":0,"covered":0,"skipped":0,"pct":100},"statements":{"total":2,"covered":2,"skipped":0,"pct":100},"branches":{"total":0,"covered":0,"skipped":0,"pct":100}}
,"/home/runner/work/hoyoapi/hoyoapi/src/module/redeem/redeem.interface.ts": {"lines":{"total":19,"covered":19,"skipped":0,"pct":100},"functions":{"total":0,"covered":0,"skipped":0,"pct":100},"statements":{"total":19,"covered":19,"skipped":0,"pct":100},"branches":{"total":0,"covered":0,"skipped":0,"pct":100}}
,"/home/runner/work/hoyoapi/hoyoapi/src/module/redeem/redeem.ts": {"lines":{"total":60,"covered":60,"skipped":0,"pct":100},"functions":{"total":3,"covered":3,"skipped":0,"pct":100},"statements":{"total":60,"covered":60,"skipped":0,"pct":100},"branches":{"total":5,"covered":5,"skipped":0,"pct":100}}
,"/home/runner/work/hoyoapi/hoyoapi/src/request/index.ts": {"lines":{"total":2,"covered":2,"skipped":0,"pct":100},"functions":{"total":0,"covered":0,"skipped":0,"pct":100},"statements":{"total":2,"covered":2,"skipped":0,"pct":100},"branches":{"total":0,"covered":0,"skipped":0,"pct":100}}
,"/home/runner/work/hoyoapi/hoyoapi/src/request/request.helper.ts": {"lines":{"total":37,"covered":37,"skipped":0,"pct":100},"functions":{"total":2,"covered":2,"skipped":0,"pct":100},"statements":{"total":37,"covered":37,"skipped":0,"pct":100},"branches":{"total":4,"covered":4,"skipped":0,"pct":100}}
,"/home/runner/work/hoyoapi/hoyoapi/src/request/request.inteface.ts": {"lines":{"total":51,"covered":51,"skipped":0,"pct":100},"functions":{"total":0,"covered":0,"skipped":0,"pct":100},"statements":{"total":51,"covered":51,"skipped":0,"pct":100},"branches":{"total":0,"covered":0,"skipped":0,"pct":100}}
,"/home/runner/work/hoyoapi/hoyoapi/src/request/request.ts": {"lines":{"total":286,"covered":286,"skipped":0,"pct":100},"functions":{"total":9,"covered":9,"skipped":0,"pct":100},"statements":{"total":286,"covered":286,"skipped":0,"pct":100},"branches":{"total":42,"covered":42,"skipped":0,"pct":100}}
,"/home/runner/work/hoyoapi/hoyoapi/src/routes/index.ts": {"lines":{"total":1,"covered":1,"skipped":0,"pct":100},"functions":{"total":0,"covered":0,"skipped":0,"pct":100},"statements":{"total":1,"covered":1,"skipped":0,"pct":100},"branches":{"total":0,"covered":0,"skipped":0,"pct":100}}
,"/home/runner/work/hoyoapi/hoyoapi/src/routes/routes.ts": {"lines":{"total":107,"covered":107,"skipped":0,"pct":100},"functions":{"total":6,"covered":6,"skipped":0,"pct":100},"statements":{"total":107,"covered":107,"skipped":0,"pct":100},"branches":{"total":20,"covered":20,"skipped":0,"pct":100}}
}
