TN:
SF:src/index.ts
FNF:0
FNH:0
DA:1,1
DA:2,1
DA:3,1
DA:4,1
DA:5,1
DA:6,1
DA:7,1
DA:8,1
DA:9,1
LF:9
LH:9
BRF:0
BRH:0
end_of_record
TN:
SF:src/cache/cache.ts
FN:6,<instance_members_initializer>
FN:20,Cache
FN:28,calculateMaxCapacity
FN:40,get
FN:54,set
FN:72,delete
FN:81,has
FNF:7
FNH:5
FNDA:106,<instance_members_initializer>
FNDA:106,Cache
FNDA:106,calculateMaxCapacity
FNDA:69,get
FNDA:67,set
FNDA:0,delete
FNDA:0,has
DA:1,1
DA:2,1
DA:3,1
DA:4,1
DA:5,1
DA:6,106
DA:7,106
DA:8,106
DA:9,106
DA:10,106
DA:11,106
DA:12,106
DA:13,106
DA:14,106
DA:15,106
DA:16,106
DA:17,106
DA:18,106
DA:19,106
DA:20,106
DA:21,106
DA:22,106
DA:23,106
DA:24,106
DA:25,106
DA:26,106
DA:27,106
DA:28,106
DA:29,106
DA:30,106
DA:31,106
DA:32,106
DA:33,106
DA:34,106
DA:35,106
DA:36,106
DA:37,106
DA:38,106
DA:39,106
DA:40,106
DA:41,69
DA:42,69
DA:43,0
DA:44,0
DA:45,69
DA:46,69
DA:47,106
DA:48,106
DA:49,106
DA:50,106
DA:51,106
DA:52,106
DA:53,106
DA:54,106
DA:55,67
DA:56,6
DA:57,6
DA:58,61
DA:59,67
DA:60,0
DA:61,0
DA:62,0
DA:63,61
DA:64,61
DA:65,61
DA:66,61
DA:67,106
DA:68,106
DA:69,106
DA:70,106
DA:71,106
DA:72,106
DA:73,0
DA:74,0
DA:75,106
DA:76,106
DA:77,106
DA:78,106
DA:79,106
DA:80,106
DA:81,106
DA:82,0
DA:83,0
DA:84,106
LF:84
LH:75
BRDA:6,0,0,106
BRDA:20,1,0,106
BRDA:28,2,0,106
BRDA:40,3,0,69
BRDA:42,4,0,0
BRDA:42,5,0,0
BRDA:54,6,0,67
BRDA:55,7,0,64
BRDA:55,8,0,6
BRDA:58,9,0,61
BRDA:59,10,0,0
BRDA:63,11,0,61
BRF:12
BRH:9
end_of_record
TN:
SF:src/cache/index.ts
FN:3,get
FNF:1
FNH:1
FNDA:86,get
DA:1,1
DA:2,1
DA:3,1
DA:4,1
LF:4
LH:4
BRDA:3,0,0,86
BRF:1
BRH:1
end_of_record
TN:
SF:src/client/index.ts
FNF:0
FNH:0
DA:1,1
DA:2,1
DA:3,1
DA:4,1
LF:4
LH:4
BRF:0
BRH:0
end_of_record
TN:
SF:src/client/gi/gi.helper.ts
FN:11,getGenshinRegion
FNF:1
FNH:1
FNDA:22,getGenshinRegion
DA:1,1
DA:2,1
DA:3,1
DA:4,1
DA:5,1
DA:6,1
DA:7,1
DA:8,1
DA:9,1
DA:10,1
DA:11,22
DA:12,22
DA:13,22
DA:14,22
DA:15,22
DA:16,22
DA:17,1
DA:18,1
DA:19,22
DA:20,1
DA:21,1
DA:22,22
DA:23,18
DA:24,18
DA:25,22
DA:26,1
DA:27,1
DA:28,22
DA:29,1
DA:30,22
DA:31,21
DA:32,21
DA:33,21
LF:33
LH:33
BRDA:11,0,0,22
BRDA:16,1,0,1
BRDA:19,2,0,1
BRDA:22,3,0,18
BRDA:25,4,0,1
BRDA:28,5,0,1
BRDA:31,6,0,21
BRF:7
BRH:7
end_of_record
TN:
SF:src/client/gi/gi.interface.ts
FNF:0
FNH:0
DA:1,1
DA:2,1
DA:3,1
DA:4,1
DA:5,1
DA:6,1
DA:7,1
DA:8,1
DA:9,1
DA:10,1
DA:11,1
DA:12,20
DA:13,20
DA:14,20
DA:15,20
DA:16,20
DA:17,20
DA:18,20
DA:19,20
DA:20,20
DA:21,20
DA:22,1
DA:23,1
DA:24,1
DA:25,1
DA:26,1
DA:27,1
DA:28,1
DA:29,1
DA:30,1
DA:31,1
DA:32,1
DA:33,1
DA:34,1
DA:35,1
DA:36,1
DA:37,1
DA:38,1
DA:39,1
DA:40,1
LF:40
LH:40
BRDA:12,0,0,20
BRF:1
BRH:1
end_of_record
TN:
SF:src/client/gi/gi.ts
FN:21,<instance_members_initializer>
FN:82,GenshinImpact
FN:141,create
FN:166,set account
FN:176,get account
FN:186,records
FN:196,characters
FN:207,charactersSummary
FN:218,spiralAbyss
FN:230,dailyNote
FN:241,diaryList
FN:253,diaryDetail
FN:266,dailyInfo
FN:276,dailyRewards
FN:287,dailyReward
FN:297,dailyClaim
FN:308,redeemCode
FNF:17
FNH:5
FNDA:26,<instance_members_initializer>
FNDA:26,GenshinImpact
FNDA:17,create
FNDA:17,set account
FNDA:17,get account
FNDA:0,records
FNDA:0,characters
FNDA:0,charactersSummary
FNDA:0,spiralAbyss
FNDA:0,dailyNote
FNDA:0,diaryList
FNDA:0,diaryDetail
FNDA:0,dailyInfo
FNDA:0,dailyRewards
FNDA:0,dailyReward
FNDA:0,dailyClaim
FNDA:0,redeemCode
DA:1,1
DA:2,1
DA:3,1
DA:4,1
DA:5,1
DA:6,1
DA:7,1
DA:8,1
DA:9,1
DA:10,1
DA:11,1
DA:12,1
DA:13,1
DA:14,1
DA:15,1
DA:16,1
DA:17,1
DA:18,1
DA:19,1
DA:20,1
DA:21,26
DA:22,26
DA:23,26
DA:24,26
DA:25,26
DA:26,26
DA:27,26
DA:28,26
DA:29,26
DA:30,26
DA:31,26
DA:32,26
DA:33,26
DA:34,26
DA:35,26
DA:36,26
DA:37,26
DA:38,26
DA:39,26
DA:40,26
DA:41,26
DA:42,26
DA:43,26
DA:44,26
DA:45,26
DA:46,26
DA:47,26
DA:48,26
DA:49,26
DA:50,26
DA:51,26
DA:52,26
DA:53,26
DA:54,26
DA:55,26
DA:56,26
DA:57,26
DA:58,26
DA:59,26
DA:60,26
DA:61,26
DA:62,26
DA:63,26
DA:64,26
DA:65,26
DA:66,26
DA:67,26
DA:68,26
DA:69,26
DA:70,26
DA:71,26
DA:72,26
DA:73,26
DA:74,26
DA:75,26
DA:76,26
DA:77,26
DA:78,26
DA:79,26
DA:80,26
DA:81,26
DA:82,26
DA:83,26
DA:84,26
DA:85,26
DA:86,26
DA:87,26
DA:88,26
DA:89,26
DA:90,26
DA:91,9
DA:92,9
DA:93,26
DA:94,26
DA:95,26
DA:96,26
DA:97,26
DA:98,26
DA:99,26
DA:100,26
DA:101,26
DA:102,26
DA:103,26
DA:104,26
DA:105,26
DA:106,26
DA:107,26
DA:108,26
DA:109,26
DA:110,26
DA:111,26
DA:112,26
DA:113,26
DA:114,26
DA:115,26
DA:116,26
DA:117,26
DA:118,26
DA:119,26
DA:120,26
DA:121,26
DA:122,26
DA:123,26
DA:124,26
DA:125,26
DA:126,26
DA:127,26
DA:128,26
DA:129,26
DA:130,26
DA:131,26
DA:132,26
DA:133,26
DA:134,26
DA:135,26
DA:136,26
DA:137,26
DA:138,26
DA:139,26
DA:140,26
DA:141,26
DA:142,17
DA:143,17
DA:144,17
DA:145,17
DA:146,17
DA:147,17
DA:148,17
DA:149,17
DA:150,17
DA:151,17
DA:152,17
DA:153,17
DA:154,17
DA:155,17
DA:156,17
DA:157,17
DA:158,0
DA:159,0
DA:160,17
DA:161,26
DA:162,26
DA:163,26
DA:164,26
DA:165,26
DA:166,26
DA:167,17
DA:168,17
DA:169,17
DA:170,17
DA:171,26
DA:172,26
DA:173,26
DA:174,26
DA:175,26
DA:176,26
DA:177,17
DA:178,17
DA:179,26
DA:180,26
DA:181,26
DA:182,26
DA:183,26
DA:184,26
DA:185,26
DA:186,26
DA:187,0
DA:188,0
DA:189,26
DA:190,26
DA:191,26
DA:192,26
DA:193,26
DA:194,26
DA:195,26
DA:196,26
DA:197,0
DA:198,0
DA:199,26
DA:200,26
DA:201,26
DA:202,26
DA:203,26
DA:204,26
DA:205,26
DA:206,26
DA:207,26
DA:208,0
DA:209,0
DA:210,26
DA:211,26
DA:212,26
DA:213,26
DA:214,26
DA:215,26
DA:216,26
DA:217,26
DA:218,26
DA:219,0
DA:220,0
DA:221,0
DA:222,0
DA:223,26
DA:224,26
DA:225,26
DA:226,26
DA:227,26
DA:228,26
DA:229,26
DA:230,26
DA:231,0
DA:232,0
DA:233,26
DA:234,26
DA:235,26
DA:236,26
DA:237,26
DA:238,26
DA:239,26
DA:240,26
DA:241,26
DA:242,0
DA:243,0
DA:244,26
DA:245,26
DA:246,26
DA:247,26
DA:248,26
DA:249,26
DA:250,26
DA:251,26
DA:252,26
DA:253,26
DA:254,0
DA:255,0
DA:256,0
DA:257,0
DA:258,0
DA:259,26
DA:260,26
DA:261,26
DA:262,26
DA:263,26
DA:264,26
DA:265,26
DA:266,26
DA:267,0
DA:268,0
DA:269,26
DA:270,26
DA:271,26
DA:272,26
DA:273,26
DA:274,26
DA:275,26
DA:276,26
DA:277,0
DA:278,0
DA:279,26
DA:280,26
DA:281,26
DA:282,26
DA:283,26
DA:284,26
DA:285,26
DA:286,26
DA:287,26
DA:288,0
DA:289,0
DA:290,26
DA:291,26
DA:292,26
DA:293,26
DA:294,26
DA:295,26
DA:296,26
DA:297,26
DA:298,0
DA:299,0
DA:300,26
DA:301,26
DA:302,26
DA:303,26
DA:304,26
DA:305,26
DA:306,26
DA:307,26
DA:308,26
DA:309,0
DA:310,0
DA:311,26
LF:311
LH:280
BRDA:21,0,0,26
BRDA:82,1,0,26
BRDA:85,2,0,1
BRDA:86,3,0,25
BRDA:90,4,0,9
BRDA:98,5,0,9
BRDA:99,6,0,17
BRDA:99,7,0,9
BRDA:141,8,0,17
BRDA:157,9,0,0
BRDA:166,10,0,17
BRDA:176,11,0,17
BRF:12
BRH:11
end_of_record
TN:
SF:src/client/gi/index.ts
FNF:0
FNH:0
DA:1,1
DA:2,1
DA:3,1
DA:4,1
DA:5,1
DA:6,1
DA:7,1
LF:7
LH:7
BRF:0
BRH:0
end_of_record
TN:
SF:src/client/gi/diary/diary.interface.ts
FNF:0
FNH:0
DA:1,1
DA:2,1
DA:3,1
DA:4,1
DA:5,1
DA:6,1
DA:7,1
DA:8,1
DA:9,1
DA:10,1
DA:11,1
DA:12,1
DA:13,1
DA:14,1
DA:15,1
DA:16,1
DA:17,1
DA:18,1
DA:19,1
DA:20,1
DA:21,1
DA:22,1
DA:23,1
DA:24,1
DA:25,1
DA:26,1
DA:27,1
DA:28,1
DA:29,1
DA:30,1
DA:31,1
DA:32,1
DA:33,1
DA:34,1
DA:35,1
DA:36,1
DA:37,1
DA:38,1
DA:39,1
DA:40,1
DA:41,1
DA:42,1
DA:43,1
DA:44,1
DA:45,1
DA:46,1
DA:47,1
DA:48,1
DA:49,1
DA:50,1
DA:51,1
DA:52,1
DA:53,1
DA:54,1
DA:55,1
DA:56,1
DA:57,1
DA:58,1
DA:59,1
DA:60,1
DA:61,1
DA:62,1
DA:63,1
DA:64,1
DA:65,1
DA:66,1
DA:67,1
DA:68,1
DA:69,1
DA:70,1
DA:71,1
DA:72,1
DA:73,1
DA:74,1
DA:75,1
DA:76,1
DA:77,1
DA:78,1
DA:79,1
DA:80,1
DA:81,1
DA:82,1
DA:83,1
DA:84,1
DA:85,1
DA:86,1
DA:87,1
DA:88,1
DA:89,1
DA:90,1
DA:91,1
DA:92,1
DA:93,1
DA:94,1
DA:95,1
DA:96,1
DA:97,1
DA:98,1
DA:99,1
DA:100,1
DA:101,1
DA:102,1
DA:103,1
DA:104,1
DA:105,1
DA:106,1
DA:107,1
DA:108,1
DA:109,1
DA:110,1
DA:111,1
DA:112,1
DA:113,1
DA:114,1
DA:115,1
DA:116,1
DA:117,1
DA:118,1
DA:119,1
DA:120,1
DA:121,1
DA:122,1
DA:123,1
DA:124,1
DA:125,1
DA:126,1
DA:127,1
DA:128,1
DA:129,1
DA:130,1
DA:131,1
DA:132,1
DA:133,1
DA:134,1
DA:135,1
DA:136,1
DA:137,1
DA:138,1
DA:139,1
DA:140,1
DA:141,1
DA:142,1
DA:143,1
DA:144,1
DA:145,1
DA:146,1
DA:147,1
DA:148,1
DA:149,20
DA:150,20
DA:151,20
DA:152,20
DA:153,20
DA:154,20
DA:155,20
DA:156,20
DA:157,20
DA:158,20
DA:159,20
DA:160,20
DA:161,20
DA:162,20
DA:163,1
DA:164,1
DA:165,1
DA:166,1
DA:167,1
DA:168,1
DA:169,20
DA:170,20
DA:171,20
DA:172,20
DA:173,20
DA:174,20
DA:175,20
DA:176,20
DA:177,20
DA:178,20
LF:178
LH:178
BRDA:149,0,0,20
BRDA:169,1,0,20
BRF:2
BRH:2
end_of_record
TN:
SF:src/client/gi/diary/diary.ts
FN:22,<instance_members_initializer>
FN:31,GenshinDiaryModule
FN:48,list
FN:90,detail
FNF:4
FNH:4
FNDA:26,<instance_members_initializer>
FNDA:26,GenshinDiaryModule
FNDA:3,list
FNDA:4,detail
DA:1,1
DA:2,1
DA:3,1
DA:4,1
DA:5,1
DA:6,1
DA:7,1
DA:8,1
DA:9,1
DA:10,1
DA:11,1
DA:12,1
DA:13,1
DA:14,1
DA:15,1
DA:16,1
DA:17,1
DA:18,1
DA:19,1
DA:20,1
DA:21,1
DA:22,26
DA:23,26
DA:24,26
DA:25,26
DA:26,26
DA:27,26
DA:28,26
DA:29,26
DA:30,26
DA:31,26
DA:32,26
DA:33,26
DA:34,26
DA:35,26
DA:36,26
DA:37,26
DA:38,26
DA:39,26
DA:40,26
DA:41,26
DA:42,26
DA:43,26
DA:44,26
DA:45,26
DA:46,26
DA:47,26
DA:48,26
DA:49,3
DA:50,3
DA:51,3
DA:52,1
DA:53,1
DA:54,2
DA:55,3
DA:56,1
DA:57,1
DA:58,1
DA:59,1
DA:60,1
DA:61,1
DA:62,1
DA:63,1
DA:64,1
DA:65,1
DA:66,1
DA:67,1
DA:68,1
DA:69,1
DA:70,3
DA:71,0
DA:72,0
DA:73,0
DA:74,0
DA:75,1
DA:76,1
DA:77,1
DA:78,26
DA:79,26
DA:80,26
DA:81,26
DA:82,26
DA:83,26
DA:84,26
DA:85,26
DA:86,26
DA:87,26
DA:88,26
DA:89,26
DA:90,26
DA:91,4
DA:92,4
DA:93,4
DA:94,4
DA:95,1
DA:96,1
DA:97,3
DA:98,4
DA:99,1
DA:100,1
DA:101,2
DA:102,4
DA:103,1
DA:104,1
DA:105,1
DA:106,1
DA:107,1
DA:108,1
DA:109,1
DA:110,4
DA:111,2
DA:112,2
DA:113,2
DA:114,2
DA:115,2
DA:116,2
DA:117,2
DA:118,2
DA:119,2
DA:120,2
DA:121,2
DA:122,2
DA:123,2
DA:124,2
DA:125,2
DA:126,0
DA:127,0
DA:128,0
DA:129,0
DA:130,2
DA:131,2
DA:132,2
DA:133,2
DA:134,2
DA:135,2
DA:136,2
DA:137,2
DA:138,2
DA:139,2
DA:140,2
DA:141,1
DA:142,1
DA:143,2
DA:144,2
DA:145,4
DA:146,1
DA:147,1
DA:148,1
DA:149,1
DA:150,1
DA:151,1
DA:152,1
DA:153,1
DA:154,1
DA:155,1
DA:156,1
DA:157,1
DA:158,1
DA:159,1
DA:160,26
LF:160
LH:152
BRDA:22,0,0,26
BRDA:31,1,0,26
BRDA:48,2,0,3
BRDA:51,3,0,2
BRDA:51,4,0,1
BRDA:54,5,0,2
BRDA:55,6,0,1
BRDA:70,7,0,0
BRDA:75,8,0,1
BRDA:90,9,0,4
BRDA:94,10,0,3
BRDA:94,11,0,1
BRDA:97,12,0,3
BRDA:98,13,0,1
BRDA:101,14,0,2
BRDA:102,15,0,1
BRDA:110,16,0,2
BRDA:125,17,0,0
BRDA:138,18,0,1
BRDA:140,19,0,1
BRDA:145,20,0,1
BRDA:147,21,0,1
BRDA:152,22,0,0
BRDA:153,23,0,0
BRF:24
BRH:20
end_of_record
TN:
SF:src/client/gi/diary/index.ts
FNF:0
FNH:0
DA:1,1
DA:2,1
LF:2
LH:2
BRF:0
BRH:0
end_of_record
TN:
SF:src/client/gi/record/index.ts
FNF:0
FNH:0
DA:1,1
DA:2,1
DA:3,1
LF:3
LH:3
BRF:0
BRH:0
end_of_record
TN:
SF:src/client/gi/record/record.enum.ts
FNF:0
FNH:0
DA:1,1
DA:2,1
DA:3,1
DA:4,1
DA:5,1
DA:6,20
DA:7,20
DA:8,20
DA:9,20
DA:10,20
DA:11,20
DA:12,20
DA:13,20
DA:14,20
DA:15,20
LF:15
LH:15
BRDA:6,0,0,20
BRF:1
BRH:1
end_of_record
TN:
SF:src/client/gi/record/record.ts
FN:27,<instance_members_initializer>
FN:37,GenshinRecordModule
FN:55,records
FN:90,characters
FN:123,charactersSummary
FN:162,spiralAbyss
FN:202,dailyNote
FNF:7
FNH:7
FNDA:26,<instance_members_initializer>
FNDA:26,GenshinRecordModule
FNDA:2,records
FNDA:2,characters
FNDA:2,charactersSummary
FNDA:3,spiralAbyss
FNDA:2,dailyNote
DA:1,1
DA:2,1
DA:3,1
DA:4,1
DA:5,1
DA:6,1
DA:7,1
DA:8,1
DA:9,1
DA:10,1
DA:11,1
DA:12,1
DA:13,1
DA:14,1
DA:15,1
DA:16,1
DA:17,1
DA:18,1
DA:19,1
DA:20,1
DA:21,1
DA:22,1
DA:23,1
DA:24,1
DA:25,1
DA:26,1
DA:27,26
DA:28,26
DA:29,26
DA:30,26
DA:31,26
DA:32,26
DA:33,26
DA:34,26
DA:35,26
DA:36,26
DA:37,26
DA:38,26
DA:39,26
DA:40,26
DA:41,26
DA:42,26
DA:43,26
DA:44,26
DA:45,26
DA:46,26
DA:47,26
DA:48,26
DA:49,26
DA:50,26
DA:51,26
DA:52,26
DA:53,26
DA:54,26
DA:55,26
DA:56,2
DA:57,1
DA:58,1
DA:59,1
DA:60,1
DA:61,1
DA:62,1
DA:63,1
DA:64,1
DA:65,1
DA:66,1
DA:67,1
DA:68,1
DA:69,1
DA:70,2
DA:71,0
DA:72,0
DA:73,0
DA:74,0
DA:75,1
DA:76,1
DA:77,1
DA:78,26
DA:79,26
DA:80,26
DA:81,26
DA:82,26
DA:83,26
DA:84,26
DA:85,26
DA:86,26
DA:87,26
DA:88,26
DA:89,26
DA:90,26
DA:91,2
DA:92,1
DA:93,1
DA:94,1
DA:95,1
DA:96,1
DA:97,1
DA:98,1
DA:99,1
DA:100,1
DA:101,1
DA:102,1
DA:103,1
DA:104,2
DA:105,0
DA:106,0
DA:107,0
DA:108,0
DA:109,1
DA:110,1
DA:111,1
DA:112,26
DA:113,26
DA:114,26
DA:115,26
DA:116,26
DA:117,26
DA:118,26
DA:119,26
DA:120,26
DA:121,26
DA:122,26
DA:123,26
DA:124,2
DA:125,2
DA:126,2
DA:127,1
DA:128,1
DA:129,1
DA:130,1
DA:131,1
DA:132,1
DA:133,1
DA:134,1
DA:135,1
DA:136,1
DA:137,1
DA:138,1
DA:139,1
DA:140,1
DA:141,1
DA:142,1
DA:143,2
DA:144,0
DA:145,0
DA:146,0
DA:147,0
DA:148,1
DA:149,1
DA:150,1
DA:151,26
DA:152,26
DA:153,26
DA:154,26
DA:155,26
DA:156,26
DA:157,26
DA:158,26
DA:159,26
DA:160,26
DA:161,26
DA:162,26
DA:163,3
DA:164,3
DA:165,3
DA:166,1
DA:167,1
DA:168,2
DA:169,2
DA:170,2
DA:171,3
DA:172,1
DA:173,1
DA:174,1
DA:175,1
DA:176,1
DA:177,1
DA:178,1
DA:179,1
DA:180,1
DA:181,1
DA:182,1
DA:183,1
DA:184,1
DA:185,3
DA:186,0
DA:187,0
DA:188,0
DA:189,0
DA:190,1
DA:191,1
DA:192,1
DA:193,26
DA:194,26
DA:195,26
DA:196,26
DA:197,26
DA:198,26
DA:199,26
DA:200,26
DA:201,26
DA:202,26
DA:203,2
DA:204,1
DA:205,1
DA:206,1
DA:207,1
DA:208,1
DA:209,1
DA:210,1
DA:211,1
DA:212,1
DA:213,1
DA:214,1
DA:215,1
DA:216,2
DA:217,0
DA:218,0
DA:219,0
DA:220,0
DA:221,1
DA:222,1
DA:223,1
DA:224,26
LF:224
LH:204
BRDA:27,0,0,26
BRDA:37,1,0,26
BRDA:55,2,0,2
BRDA:56,3,0,1
BRDA:56,4,0,1
BRDA:70,5,0,0
BRDA:75,6,0,1
BRDA:90,7,0,2
BRDA:91,8,0,1
BRDA:91,9,0,1
BRDA:104,10,0,0
BRDA:109,11,0,1
BRDA:123,12,0,2
BRDA:126,13,0,1
BRDA:126,14,0,1
BRDA:143,15,0,0
BRDA:148,16,0,1
BRDA:162,17,0,3
BRDA:165,18,0,2
BRDA:165,19,0,1
BRDA:168,20,0,2
BRDA:171,21,0,1
BRDA:185,22,0,0
BRDA:190,23,0,1
BRDA:202,24,0,2
BRDA:203,25,0,1
BRDA:203,26,0,1
BRDA:216,27,0,0
BRDA:221,28,0,1
BRF:29
BRH:24
end_of_record
TN:
SF:src/client/gi/record/interfaces/characters.interface.ts
FNF:0
FNH:0
DA:1,1
DA:2,1
DA:3,1
DA:4,1
DA:5,1
DA:6,1
DA:7,1
DA:8,1
DA:9,1
DA:10,1
DA:11,1
DA:12,1
DA:13,1
DA:14,1
DA:15,1
DA:16,1
DA:17,1
DA:18,1
DA:19,1
DA:20,1
DA:21,1
DA:22,1
DA:23,1
DA:24,1
DA:25,1
DA:26,1
DA:27,1
DA:28,1
DA:29,1
DA:30,1
DA:31,1
DA:32,1
DA:33,1
DA:34,1
DA:35,1
DA:36,1
DA:37,1
DA:38,1
DA:39,1
DA:40,1
DA:41,1
DA:42,1
DA:43,1
DA:44,1
DA:45,1
DA:46,1
DA:47,1
DA:48,1
DA:49,1
DA:50,1
DA:51,1
DA:52,1
DA:53,1
DA:54,1
DA:55,1
DA:56,1
DA:57,1
DA:58,1
DA:59,1
DA:60,1
DA:61,1
DA:62,1
DA:63,1
DA:64,1
DA:65,1
DA:66,1
DA:67,1
DA:68,1
DA:69,1
DA:70,1
DA:71,1
DA:72,1
DA:73,1
DA:74,1
DA:75,1
DA:76,1
DA:77,1
DA:78,1
DA:79,1
DA:80,1
DA:81,1
DA:82,1
DA:83,1
DA:84,1
DA:85,1
DA:86,1
DA:87,1
DA:88,1
DA:89,1
DA:90,1
DA:91,1
DA:92,1
DA:93,1
DA:94,1
DA:95,1
DA:96,1
DA:97,1
DA:98,1
DA:99,1
DA:100,1
DA:101,1
DA:102,1
DA:103,1
DA:104,1
DA:105,1
DA:106,1
DA:107,1
DA:108,1
DA:109,1
DA:110,1
DA:111,1
DA:112,1
DA:113,1
DA:114,1
DA:115,1
DA:116,1
DA:117,1
DA:118,1
DA:119,1
DA:120,1
DA:121,1
DA:122,1
DA:123,1
DA:124,1
DA:125,1
DA:126,1
DA:127,1
DA:128,1
DA:129,1
DA:130,1
DA:131,1
DA:132,1
DA:133,1
DA:134,1
DA:135,1
DA:136,1
DA:137,1
DA:138,1
DA:139,1
DA:140,1
DA:141,1
DA:142,1
DA:143,1
DA:144,1
DA:145,1
DA:146,1
DA:147,1
DA:148,1
DA:149,1
DA:150,1
DA:151,1
DA:152,1
DA:153,1
DA:154,1
DA:155,1
DA:156,1
DA:157,1
DA:158,1
DA:159,1
DA:160,1
DA:161,1
DA:162,1
DA:163,1
DA:164,1
DA:165,1
DA:166,1
DA:167,1
DA:168,1
DA:169,1
DA:170,1
DA:171,1
DA:172,1
DA:173,1
DA:174,1
DA:175,1
DA:176,1
DA:177,1
DA:178,1
DA:179,1
DA:180,1
DA:181,1
DA:182,1
DA:183,1
DA:184,1
DA:185,1
DA:186,1
DA:187,1
DA:188,1
DA:189,1
DA:190,1
DA:191,1
DA:192,1
DA:193,1
DA:194,1
DA:195,1
DA:196,1
DA:197,1
DA:198,1
DA:199,1
DA:200,1
DA:201,1
DA:202,1
DA:203,1
DA:204,1
DA:205,1
DA:206,1
DA:207,1
DA:208,1
DA:209,1
DA:210,1
DA:211,1
DA:212,1
DA:213,1
DA:214,1
DA:215,1
DA:216,1
DA:217,1
DA:218,1
DA:219,1
DA:220,1
DA:221,1
DA:222,1
DA:223,1
DA:224,1
DA:225,1
DA:226,1
DA:227,1
DA:228,1
DA:229,1
DA:230,1
DA:231,1
DA:232,1
DA:233,1
DA:234,1
DA:235,1
DA:236,1
DA:237,1
DA:238,1
DA:239,1
DA:240,1
DA:241,1
DA:242,1
DA:243,1
DA:244,1
DA:245,1
DA:246,1
DA:247,1
DA:248,1
DA:249,1
DA:250,1
DA:251,1
DA:252,1
DA:253,1
DA:254,1
DA:255,1
DA:256,1
DA:257,1
DA:258,1
DA:259,1
DA:260,1
DA:261,1
DA:262,1
DA:263,1
DA:264,1
DA:265,1
DA:266,1
DA:267,1
DA:268,1
DA:269,1
DA:270,1
DA:271,1
DA:272,1
DA:273,1
DA:274,1
DA:275,1
DA:276,1
DA:277,1
DA:278,1
DA:279,1
DA:280,1
DA:281,1
DA:282,1
DA:283,1
DA:284,1
DA:285,1
DA:286,1
DA:287,1
DA:288,1
DA:289,1
DA:290,1
DA:291,1
DA:292,1
DA:293,1
DA:294,1
DA:295,1
LF:295
LH:295
BRF:0
BRH:0
end_of_record
TN:
SF:src/client/gi/record/interfaces/dailyNote.interface.ts
FNF:0
FNH:0
DA:1,1
DA:2,1
DA:3,1
DA:4,1
DA:5,1
DA:6,1
DA:7,1
DA:8,1
DA:9,1
DA:10,1
DA:11,1
DA:12,1
DA:13,1
DA:14,1
DA:15,1
DA:16,1
DA:17,1
DA:18,1
DA:19,1
DA:20,1
DA:21,1
DA:22,1
DA:23,1
DA:24,1
DA:25,1
DA:26,1
DA:27,1
DA:28,1
DA:29,1
DA:30,1
DA:31,1
DA:32,1
DA:33,1
DA:34,1
DA:35,1
DA:36,1
DA:37,1
DA:38,1
DA:39,1
DA:40,1
DA:41,1
DA:42,1
DA:43,1
DA:44,1
DA:45,1
DA:46,1
DA:47,1
DA:48,1
DA:49,1
DA:50,1
DA:51,1
DA:52,1
DA:53,1
DA:54,1
DA:55,1
DA:56,1
DA:57,1
DA:58,1
DA:59,1
DA:60,1
DA:61,1
DA:62,1
DA:63,1
DA:64,1
DA:65,1
DA:66,1
DA:67,1
DA:68,1
DA:69,1
DA:70,1
DA:71,1
DA:72,1
DA:73,1
DA:74,1
DA:75,1
DA:76,1
DA:77,1
DA:78,1
DA:79,1
DA:80,1
DA:81,1
DA:82,1
DA:83,1
DA:84,1
DA:85,1
DA:86,1
DA:87,1
DA:88,1
DA:89,1
DA:90,1
DA:91,1
DA:92,1
DA:93,1
DA:94,1
DA:95,1
DA:96,1
DA:97,1
DA:98,1
DA:99,1
DA:100,1
DA:101,1
DA:102,1
DA:103,1
DA:104,1
DA:105,1
DA:106,1
DA:107,1
DA:108,1
DA:109,1
DA:110,1
DA:111,1
DA:112,1
DA:113,1
DA:114,1
DA:115,1
DA:116,1
DA:117,1
DA:118,1
DA:119,1
DA:120,1
DA:121,1
DA:122,1
DA:123,1
DA:124,1
DA:125,1
DA:126,1
DA:127,1
DA:128,1
DA:129,1
DA:130,1
DA:131,1
DA:132,1
DA:133,1
DA:134,1
DA:135,1
DA:136,1
DA:137,1
DA:138,1
DA:139,1
DA:140,1
DA:141,1
DA:142,1
DA:143,1
DA:144,1
DA:145,1
DA:146,1
DA:147,1
DA:148,1
DA:149,1
LF:149
LH:149
BRF:0
BRH:0
end_of_record
TN:
SF:src/client/gi/record/interfaces/index.ts
FNF:0
FNH:0
DA:1,1
DA:2,1
DA:3,1
DA:4,1
LF:4
LH:4
BRF:0
BRH:0
end_of_record
TN:
SF:src/client/gi/record/interfaces/record.interface.ts
FNF:0
FNH:0
DA:1,1
DA:2,1
DA:3,1
DA:4,1
DA:5,1
DA:6,1
DA:7,1
DA:8,1
DA:9,1
DA:10,1
DA:11,1
DA:12,1
DA:13,1
DA:14,1
DA:15,1
DA:16,1
DA:17,1
DA:18,1
DA:19,1
DA:20,1
DA:21,1
DA:22,1
DA:23,1
DA:24,1
DA:25,1
DA:26,1
DA:27,1
DA:28,1
DA:29,1
DA:30,1
DA:31,1
DA:32,1
DA:33,1
DA:34,1
DA:35,1
DA:36,1
DA:37,1
DA:38,1
DA:39,1
DA:40,1
DA:41,1
DA:42,1
DA:43,1
DA:44,1
DA:45,1
DA:46,1
DA:47,1
DA:48,1
DA:49,1
DA:50,1
DA:51,1
DA:52,1
DA:53,1
DA:54,1
DA:55,1
DA:56,1
DA:57,1
DA:58,1
DA:59,1
DA:60,1
DA:61,1
DA:62,1
DA:63,1
DA:64,1
DA:65,1
DA:66,1
DA:67,1
DA:68,1
DA:69,1
DA:70,1
DA:71,1
DA:72,1
DA:73,1
DA:74,1
DA:75,1
DA:76,1
DA:77,1
DA:78,1
DA:79,1
DA:80,1
DA:81,1
DA:82,1
DA:83,1
DA:84,1
DA:85,1
DA:86,1
DA:87,1
DA:88,1
DA:89,1
DA:90,1
DA:91,1
DA:92,1
DA:93,1
DA:94,1
DA:95,1
DA:96,1
DA:97,1
DA:98,1
DA:99,1
DA:100,1
DA:101,1
DA:102,1
DA:103,1
DA:104,1
DA:105,1
DA:106,1
DA:107,1
DA:108,1
DA:109,1
DA:110,1
DA:111,1
DA:112,1
DA:113,1
DA:114,1
DA:115,1
DA:116,1
DA:117,1
DA:118,1
DA:119,1
DA:120,1
DA:121,1
DA:122,1
DA:123,1
DA:124,1
DA:125,1
DA:126,1
DA:127,1
DA:128,1
DA:129,1
DA:130,1
DA:131,1
DA:132,1
DA:133,1
DA:134,1
DA:135,1
DA:136,1
DA:137,1
DA:138,1
DA:139,1
DA:140,1
DA:141,1
DA:142,1
DA:143,1
DA:144,1
DA:145,1
DA:146,1
DA:147,1
DA:148,1
DA:149,1
DA:150,1
DA:151,1
DA:152,1
DA:153,1
DA:154,1
DA:155,1
DA:156,1
DA:157,1
DA:158,1
DA:159,1
DA:160,1
DA:161,1
DA:162,1
DA:163,1
DA:164,1
DA:165,1
DA:166,1
DA:167,1
DA:168,1
DA:169,1
DA:170,1
DA:171,1
DA:172,1
DA:173,1
DA:174,1
DA:175,1
DA:176,1
DA:177,1
DA:178,1
DA:179,1
DA:180,1
DA:181,1
DA:182,1
DA:183,1
DA:184,1
DA:185,1
DA:186,1
DA:187,1
DA:188,1
DA:189,1
DA:190,1
DA:191,1
DA:192,1
DA:193,1
DA:194,1
DA:195,1
DA:196,1
DA:197,1
DA:198,1
DA:199,1
DA:200,1
DA:201,1
DA:202,1
DA:203,1
DA:204,1
DA:205,1
DA:206,1
DA:207,1
DA:208,1
DA:209,1
DA:210,1
DA:211,1
DA:212,1
DA:213,1
DA:214,1
DA:215,1
DA:216,1
DA:217,1
DA:218,1
DA:219,1
DA:220,1
DA:221,1
DA:222,1
DA:223,1
DA:224,1
DA:225,1
DA:226,1
DA:227,1
DA:228,1
DA:229,1
DA:230,1
DA:231,1
DA:232,1
DA:233,1
DA:234,1
DA:235,1
DA:236,1
DA:237,1
DA:238,1
DA:239,1
DA:240,1
DA:241,1
DA:242,1
DA:243,1
DA:244,1
DA:245,1
DA:246,1
DA:247,1
DA:248,1
DA:249,1
DA:250,1
DA:251,1
DA:252,1
DA:253,1
DA:254,1
DA:255,1
DA:256,1
DA:257,1
DA:258,1
DA:259,1
DA:260,1
DA:261,1
DA:262,1
DA:263,1
DA:264,1
DA:265,1
DA:266,1
DA:267,1
DA:268,1
DA:269,1
DA:270,1
DA:271,1
DA:272,1
DA:273,1
DA:274,1
DA:275,1
DA:276,1
LF:276
LH:276
BRF:0
BRH:0
end_of_record
TN:
SF:src/client/gi/record/interfaces/spiralAbyss.interface.ts
FNF:0
FNH:0
DA:1,1
DA:2,1
DA:3,1
DA:4,1
DA:5,1
DA:6,1
DA:7,1
DA:8,1
DA:9,1
DA:10,1
DA:11,1
DA:12,1
DA:13,1
DA:14,1
DA:15,1
DA:16,1
DA:17,1
DA:18,1
DA:19,1
DA:20,1
DA:21,1
DA:22,1
DA:23,1
DA:24,1
DA:25,1
DA:26,1
DA:27,1
DA:28,1
DA:29,1
DA:30,1
DA:31,1
DA:32,1
DA:33,1
DA:34,1
DA:35,1
DA:36,1
DA:37,1
DA:38,1
DA:39,1
DA:40,1
DA:41,1
DA:42,1
DA:43,1
DA:44,1
DA:45,1
DA:46,1
DA:47,1
DA:48,1
DA:49,1
DA:50,1
DA:51,1
DA:52,1
DA:53,1
DA:54,1
DA:55,1
DA:56,1
DA:57,1
DA:58,1
DA:59,1
DA:60,1
DA:61,1
DA:62,1
DA:63,1
DA:64,1
DA:65,1
DA:66,1
DA:67,1
DA:68,1
DA:69,1
DA:70,1
DA:71,1
DA:72,1
DA:73,1
DA:74,1
DA:75,1
DA:76,1
DA:77,1
DA:78,1
DA:79,1
DA:80,1
DA:81,1
DA:82,1
DA:83,1
DA:84,1
DA:85,1
DA:86,1
DA:87,1
DA:88,1
DA:89,1
DA:90,1
DA:91,1
DA:92,1
DA:93,1
DA:94,1
DA:95,1
DA:96,1
DA:97,1
DA:98,1
DA:99,1
DA:100,1
DA:101,1
DA:102,1
DA:103,1
DA:104,1
DA:105,1
DA:106,1
DA:107,1
DA:108,1
DA:109,1
DA:110,1
DA:111,1
DA:112,1
DA:113,1
DA:114,1
DA:115,1
DA:116,1
DA:117,1
DA:118,1
DA:119,1
DA:120,1
DA:121,1
DA:122,1
DA:123,1
DA:124,1
DA:125,1
DA:126,1
DA:127,1
DA:128,1
DA:129,1
DA:130,1
DA:131,1
DA:132,1
DA:133,1
DA:134,1
DA:135,1
DA:136,1
DA:137,1
DA:138,1
DA:139,1
DA:140,1
DA:141,1
DA:142,1
DA:143,1
DA:144,1
DA:145,1
DA:146,1
DA:147,1
DA:148,1
DA:149,1
DA:150,1
DA:151,1
DA:152,1
DA:153,1
DA:154,1
DA:155,1
DA:156,1
DA:157,1
DA:158,1
DA:159,1
DA:160,1
DA:161,1
DA:162,1
DA:163,1
DA:164,1
DA:165,1
DA:166,1
DA:167,1
DA:168,1
DA:169,1
DA:170,1
DA:171,1
DA:172,1
DA:173,1
DA:174,1
DA:175,1
DA:176,1
DA:177,1
DA:178,1
DA:179,1
DA:180,1
DA:181,1
DA:182,1
DA:183,1
LF:183
LH:183
BRF:0
BRH:0
end_of_record
TN:
SF:src/client/hi/hi.helper.ts
FN:11,getHi3Region
FNF:1
FNH:1
FNDA:12,getHi3Region
DA:1,1
DA:2,1
DA:3,1
DA:4,1
DA:5,1
DA:6,1
DA:7,1
DA:8,1
DA:9,1
DA:10,1
DA:11,12
DA:12,12
DA:13,12
DA:14,1
DA:15,1
DA:16,1
DA:17,1
DA:18,1
DA:19,1
DA:20,1
DA:21,1
DA:22,1
DA:23,1
DA:24,1
DA:25,12
DA:26,12
DA:27,12
LF:27
LH:27
BRDA:11,0,0,12
BRDA:17,1,0,1
BRF:2
BRH:2
end_of_record
TN:
SF:src/client/hi/hi.interface.ts
FNF:0
FNH:0
DA:1,1
DA:2,1
DA:3,1
DA:4,1
DA:5,1
DA:6,20
DA:7,20
DA:8,20
DA:9,20
DA:10,20
DA:11,20
DA:12,20
DA:13,20
DA:14,1
DA:15,1
DA:16,1
DA:17,1
DA:18,1
DA:19,1
DA:20,1
DA:21,1
DA:22,1
DA:23,1
DA:24,1
DA:25,1
DA:26,1
DA:27,1
DA:28,1
DA:29,1
DA:30,1
DA:31,1
DA:32,1
LF:32
LH:32
BRDA:6,0,0,20
BRF:1
BRH:1
end_of_record
TN:
SF:src/client/hi/hi.ts
FN:19,<instance_members_initializer>
FN:75,HonkaiImpact
FN:123,create
FN:147,set account
FN:157,get account
FN:167,dailyInfo
FN:177,dailyRewards
FN:189,dailyReward
FN:200,dailyClaim
FN:212,redeemCode
FNF:10
FNH:5
FNDA:8,<instance_members_initializer>
FNDA:8,HonkaiImpact
FNDA:6,create
FNDA:6,set account
FNDA:6,get account
FNDA:0,dailyInfo
FNDA:0,dailyRewards
FNDA:0,dailyReward
FNDA:0,dailyClaim
FNDA:0,redeemCode
DA:1,1
DA:2,1
DA:3,1
DA:4,1
DA:5,1
DA:6,1
DA:7,1
DA:8,1
DA:9,1
DA:10,1
DA:11,1
DA:12,1
DA:13,1
DA:14,1
DA:15,1
DA:16,1
DA:17,1
DA:18,1
DA:19,8
DA:20,8
DA:21,8
DA:22,8
DA:23,8
DA:24,8
DA:25,8
DA:26,8
DA:27,8
DA:28,8
DA:29,8
DA:30,8
DA:31,8
DA:32,8
DA:33,8
DA:34,8
DA:35,8
DA:36,8
DA:37,8
DA:38,8
DA:39,8
DA:40,8
DA:41,8
DA:42,8
DA:43,8
DA:44,8
DA:45,8
DA:46,8
DA:47,8
DA:48,8
DA:49,8
DA:50,8
DA:51,8
DA:52,8
DA:53,8
DA:54,8
DA:55,8
DA:56,8
DA:57,8
DA:58,8
DA:59,8
DA:60,8
DA:61,8
DA:62,8
DA:63,8
DA:64,8
DA:65,8
DA:66,8
DA:67,8
DA:68,8
DA:69,8
DA:70,8
DA:71,8
DA:72,8
DA:73,8
DA:74,8
DA:75,8
DA:76,8
DA:77,8
DA:78,8
DA:79,8
DA:80,8
DA:81,8
DA:82,8
DA:83,8
DA:84,2
DA:85,2
DA:86,8
DA:87,8
DA:88,8
DA:89,8
DA:90,8
DA:91,8
DA:92,8
DA:93,8
DA:94,8
DA:95,8
DA:96,8
DA:97,8
DA:98,8
DA:99,8
DA:100,8
DA:101,8
DA:102,8
DA:103,8
DA:104,8
DA:105,8
DA:106,8
DA:107,8
DA:108,8
DA:109,8
DA:110,8
DA:111,8
DA:112,8
DA:113,8
DA:114,8
DA:115,8
DA:116,8
DA:117,8
DA:118,8
DA:119,8
DA:120,8
DA:121,8
DA:122,8
DA:123,8
DA:124,6
DA:125,6
DA:126,6
DA:127,6
DA:128,6
DA:129,6
DA:130,6
DA:131,6
DA:132,6
DA:133,6
DA:134,6
DA:135,6
DA:136,6
DA:137,6
DA:138,6
DA:139,0
DA:140,0
DA:141,6
DA:142,8
DA:143,8
DA:144,8
DA:145,8
DA:146,8
DA:147,8
DA:148,6
DA:149,6
DA:150,6
DA:151,6
DA:152,8
DA:153,8
DA:154,8
DA:155,8
DA:156,8
DA:157,8
DA:158,6
DA:159,6
DA:160,8
DA:161,8
DA:162,8
DA:163,8
DA:164,8
DA:165,8
DA:166,8
DA:167,8
DA:168,1
DA:169,1
DA:170,1
DA:171,1
DA:172,8
DA:173,8
DA:174,8
DA:175,8
DA:176,8
DA:177,8
DA:178,1
DA:179,1
DA:180,1
DA:181,1
DA:182,8
DA:183,8
DA:184,8
DA:185,8
DA:186,8
DA:187,8
DA:188,8
DA:189,8
DA:190,1
DA:191,1
DA:192,1
DA:193,1
DA:194,8
DA:195,8
DA:196,8
DA:197,8
DA:198,8
DA:199,8
DA:200,8
DA:201,1
DA:202,1
DA:203,1
DA:204,1
DA:205,8
DA:206,8
DA:207,8
DA:208,8
DA:209,8
DA:210,8
DA:211,8
DA:212,8
DA:213,1
DA:214,1
DA:215,1
DA:216,1
LF:216
LH:214
BRDA:19,0,0,8
BRDA:75,1,0,8
BRDA:78,2,0,1
BRDA:79,3,0,7
BRDA:83,4,0,2
BRDA:91,5,0,2
BRDA:92,6,0,6
BRDA:92,7,0,2
BRDA:123,8,0,6
BRDA:138,9,0,0
BRDA:147,10,0,6
BRDA:157,11,0,6
BRF:12
BRH:11
end_of_record
TN:
SF:src/client/hi/index.ts
FNF:0
FNH:0
DA:1,1
DA:2,1
DA:3,1
LF:3
LH:3
BRF:0
BRH:0
end_of_record
TN:
SF:src/client/hoyolab/hoyolab.interface.ts
FNF:0
FNH:0
DA:1,20
DA:2,20
DA:3,20
DA:4,20
DA:5,20
DA:6,1
DA:7,1
DA:8,1
DA:9,1
DA:10,1
DA:11,1
DA:12,1
DA:13,1
DA:14,1
DA:15,1
DA:16,1
DA:17,1
DA:18,1
DA:19,1
DA:20,1
DA:21,1
DA:22,1
DA:23,1
DA:24,1
DA:25,1
DA:26,1
DA:27,1
DA:28,1
DA:29,1
DA:30,1
DA:31,1
DA:32,1
DA:33,1
DA:34,1
DA:35,1
DA:36,1
DA:37,1
DA:38,1
DA:39,1
DA:40,1
DA:41,1
DA:42,1
DA:43,1
DA:44,1
DA:45,1
DA:46,1
DA:47,1
DA:48,1
DA:49,1
DA:50,1
DA:51,1
DA:52,1
DA:53,1
DA:54,1
DA:55,1
DA:56,1
DA:57,1
DA:58,1
DA:59,1
DA:60,1
DA:61,1
DA:62,1
DA:63,1
DA:64,1
DA:65,1
DA:66,1
DA:67,1
DA:68,1
DA:69,1
DA:70,1
DA:71,1
DA:72,1
DA:73,1
DA:74,1
DA:75,1
DA:76,1
DA:77,1
DA:78,1
DA:79,1
DA:80,1
DA:81,1
DA:82,1
DA:83,1
DA:84,1
DA:85,1
DA:86,1
DA:87,1
DA:88,1
DA:89,1
DA:90,1
DA:91,1
DA:92,1
DA:93,1
DA:94,1
DA:95,1
DA:96,1
DA:97,1
DA:98,1
DA:99,1
DA:100,1
DA:101,1
DA:102,1
DA:103,1
DA:104,1
DA:105,1
DA:106,1
DA:107,1
DA:108,1
DA:109,1
DA:110,1
DA:111,1
DA:112,1
DA:113,1
DA:114,1
DA:115,1
DA:116,1
LF:116
LH:116
BRDA:1,0,0,20
BRF:1
BRH:1
end_of_record
TN:
SF:src/client/hoyolab/hoyolab.ts
FN:20,<instance_members_initializer>
FN:43,Hoyolab
FN:81,gamesList
FN:119,gameAccount
FN:140,gameRecordCard
FNF:5
FNH:4
FNDA:32,<instance_members_initializer>
FNDA:32,Hoyolab
FNDA:31,gamesList
FNDA:30,gameAccount
FNDA:0,gameRecordCard
DA:1,1
DA:2,1
DA:3,1
DA:4,1
DA:5,1
DA:6,1
DA:7,1
DA:8,1
DA:9,1
DA:10,1
DA:11,1
DA:12,1
DA:13,1
DA:14,1
DA:15,1
DA:16,1
DA:17,1
DA:18,1
DA:19,1
DA:20,32
DA:21,32
DA:22,32
DA:23,32
DA:24,32
DA:25,32
DA:26,32
DA:27,32
DA:28,32
DA:29,32
DA:30,32
DA:31,32
DA:32,32
DA:33,32
DA:34,32
DA:35,32
DA:36,32
DA:37,32
DA:38,32
DA:39,32
DA:40,32
DA:41,32
DA:42,32
DA:43,32
DA:44,32
DA:45,32
DA:46,32
DA:47,32
DA:48,32
DA:49,32
DA:50,32
DA:51,32
DA:52,32
DA:53,32
DA:54,32
DA:55,32
DA:56,30
DA:57,30
DA:58,32
DA:59,32
DA:60,32
DA:61,32
DA:62,32
DA:63,32
DA:64,32
DA:65,32
DA:66,32
DA:67,32
DA:68,32
DA:69,32
DA:70,32
DA:71,32
DA:72,32
DA:73,32
DA:74,32
DA:75,32
DA:76,32
DA:77,32
DA:78,32
DA:79,32
DA:80,32
DA:81,32
DA:82,31
DA:83,0
DA:84,0
DA:85,0
DA:86,0
DA:87,31
DA:88,31
DA:89,31
DA:90,31
DA:91,31
DA:92,31
DA:93,31
DA:94,31
DA:95,31
DA:96,31
DA:97,31
DA:98,31
DA:99,31
DA:100,31
DA:101,1
DA:102,1
DA:103,1
DA:104,1
DA:105,1
DA:106,1
DA:107,31
DA:108,31
DA:109,31
DA:110,32
DA:111,32
DA:112,32
DA:113,32
DA:114,32
DA:115,32
DA:116,32
DA:117,32
DA:118,32
DA:119,32
DA:120,30
DA:121,30
DA:122,1
DA:123,1
DA:124,1
DA:125,1
DA:126,1
DA:127,1
DA:128,30
DA:129,30
DA:130,42
DA:131,30
DA:132,30
DA:133,32
DA:134,32
DA:135,32
DA:136,32
DA:137,32
DA:138,32
DA:139,32
DA:140,32
DA:141,1
DA:142,1
DA:143,1
DA:144,1
DA:145,1
DA:146,1
DA:147,1
DA:148,1
DA:149,1
DA:150,1
DA:151,1
DA:152,32
LF:152
LH:148
BRDA:20,0,0,32
BRDA:43,1,0,32
BRDA:50,2,0,1
BRDA:51,3,0,31
BRDA:55,4,0,30
BRDA:81,5,0,31
BRDA:82,6,0,0
BRDA:102,7,0,1
BRDA:119,8,0,30
BRDA:123,9,0,1
BRDA:129,10,0,42
BRDA:130,11,0,24
BRDA:130,12,0,18
BRF:13
BRH:12
end_of_record
TN:
SF:src/client/hoyolab/index.ts
FNF:0
FNH:0
DA:1,1
DA:2,1
LF:2
LH:2
BRF:0
BRH:0
end_of_record
TN:
SF:src/client/hsr/hsr.helper.ts
FN:10,getHsrRegion
FNF:1
FNH:1
FNDA:17,getHsrRegion
DA:1,1
DA:2,1
DA:3,1
DA:4,1
DA:5,1
DA:6,1
DA:7,1
DA:8,1
DA:9,1
DA:10,17
DA:11,17
DA:12,17
DA:13,17
DA:14,17
DA:15,17
DA:16,1
DA:17,1
DA:18,17
DA:19,1
DA:20,1
DA:21,17
DA:22,13
DA:23,13
DA:24,17
DA:25,1
DA:26,1
DA:27,17
DA:28,1
DA:29,17
DA:30,16
DA:31,16
DA:32,16
LF:32
LH:32
BRDA:10,0,0,17
BRDA:15,1,0,1
BRDA:18,2,0,1
BRDA:21,3,0,13
BRDA:24,4,0,1
BRDA:27,5,0,1
BRDA:30,6,0,16
BRF:7
BRH:7
end_of_record
TN:
SF:src/client/hsr/hsr.interface.ts
FNF:0
FNH:0
DA:1,1
DA:2,1
DA:3,20
DA:4,20
DA:5,20
DA:6,20
DA:7,20
DA:8,20
DA:9,1
DA:10,1
DA:11,1
DA:12,1
DA:13,1
DA:14,1
DA:15,1
LF:15
LH:15
BRDA:3,0,0,20
BRF:1
BRH:1
end_of_record
TN:
SF:src/client/hsr/hsr.ts
FN:18,<instance_members_initializer>
FN:73,HonkaiStarRail
FN:120,create
FN:140,set account
FN:150,get account
FN:160,dailyInfo
FN:170,dailyRewards
FN:182,dailyReward
FN:193,dailyClaim
FN:205,redeemCode
FNF:10
FNH:5
FNDA:8,<instance_members_initializer>
FNDA:8,HonkaiStarRail
FNDA:6,create
FNDA:6,set account
FNDA:6,get account
FNDA:0,dailyInfo
FNDA:0,dailyRewards
FNDA:0,dailyReward
FNDA:0,dailyClaim
FNDA:0,redeemCode
DA:1,1
DA:2,1
DA:3,1
DA:4,1
DA:5,1
DA:6,1
DA:7,1
DA:8,1
DA:9,1
DA:10,1
DA:11,1
DA:12,1
DA:13,1
DA:14,1
DA:15,1
DA:16,1
DA:17,1
DA:18,8
DA:19,8
DA:20,8
DA:21,8
DA:22,8
DA:23,8
DA:24,8
DA:25,8
DA:26,8
DA:27,8
DA:28,8
DA:29,8
DA:30,8
DA:31,8
DA:32,8
DA:33,8
DA:34,8
DA:35,8
DA:36,8
DA:37,8
DA:38,8
DA:39,8
DA:40,8
DA:41,8
DA:42,8
DA:43,8
DA:44,8
DA:45,8
DA:46,8
DA:47,8
DA:48,8
DA:49,8
DA:50,8
DA:51,8
DA:52,8
DA:53,8
DA:54,8
DA:55,8
DA:56,8
DA:57,8
DA:58,8
DA:59,8
DA:60,8
DA:61,8
DA:62,8
DA:63,8
DA:64,8
DA:65,8
DA:66,8
DA:67,8
DA:68,8
DA:69,8
DA:70,8
DA:71,8
DA:72,8
DA:73,8
DA:74,8
DA:75,8
DA:76,8
DA:77,8
DA:78,8
DA:79,8
DA:80,8
DA:81,8
DA:82,2
DA:83,2
DA:84,8
DA:85,8
DA:86,8
DA:87,8
DA:88,8
DA:89,8
DA:90,8
DA:91,8
DA:92,8
DA:93,8
DA:94,8
DA:95,8
DA:96,8
DA:97,8
DA:98,8
DA:99,8
DA:100,8
DA:101,8
DA:102,8
DA:103,8
DA:104,8
DA:105,8
DA:106,8
DA:107,8
DA:108,8
DA:109,8
DA:110,8
DA:111,8
DA:112,8
DA:113,8
DA:114,8
DA:115,8
DA:116,8
DA:117,8
DA:118,8
DA:119,8
DA:120,8
DA:121,6
DA:122,6
DA:123,6
DA:124,6
DA:125,6
DA:126,6
DA:127,6
DA:128,6
DA:129,6
DA:130,6
DA:131,6
DA:132,6
DA:133,6
DA:134,6
DA:135,8
DA:136,8
DA:137,8
DA:138,8
DA:139,8
DA:140,8
DA:141,6
DA:142,6
DA:143,6
DA:144,6
DA:145,8
DA:146,8
DA:147,8
DA:148,8
DA:149,8
DA:150,8
DA:151,6
DA:152,6
DA:153,8
DA:154,8
DA:155,8
DA:156,8
DA:157,8
DA:158,8
DA:159,8
DA:160,8
DA:161,1
DA:162,1
DA:163,1
DA:164,1
DA:165,8
DA:166,8
DA:167,8
DA:168,8
DA:169,8
DA:170,8
DA:171,1
DA:172,1
DA:173,1
DA:174,1
DA:175,8
DA:176,8
DA:177,8
DA:178,8
DA:179,8
DA:180,8
DA:181,8
DA:182,8
DA:183,1
DA:184,1
DA:185,1
DA:186,1
DA:187,8
DA:188,8
DA:189,8
DA:190,8
DA:191,8
DA:192,8
DA:193,8
DA:194,1
DA:195,1
DA:196,1
DA:197,1
DA:198,8
DA:199,8
DA:200,8
DA:201,8
DA:202,8
DA:203,8
DA:204,8
DA:205,8
DA:206,1
DA:207,1
DA:208,1
DA:209,1
LF:209
LH:209
BRDA:18,0,0,8
BRDA:73,1,0,8
BRDA:76,2,0,1
BRDA:77,3,0,7
BRDA:81,4,0,2
BRDA:89,5,0,2
BRDA:90,6,0,6
BRDA:90,7,0,2
BRDA:120,8,0,6
BRDA:140,9,0,6
BRDA:150,10,0,6
BRF:11
BRH:11
end_of_record
TN:
SF:src/client/hsr/index.ts
FNF:0
FNH:0
DA:1,1
DA:2,1
DA:3,1
LF:3
LH:3
BRF:0
BRH:0
end_of_record
TN:
SF:src/cookie/cookie.helper.ts
FN:7,toCamelCase
FN:24,toSnakeCase
FNF:2
FNH:2
FNDA:66,toCamelCase
FNDA:316,toSnakeCase
DA:1,1
DA:2,1
DA:3,1
DA:4,1
DA:5,1
DA:6,1
DA:7,66
DA:8,66
DA:9,66
DA:10,66
DA:11,126
DA:12,126
DA:13,126
DA:14,66
DA:15,66
DA:16,66
DA:17,1
DA:18,1
DA:19,1
DA:20,1
DA:21,1
DA:22,1
DA:23,1
DA:24,316
DA:25,316
DA:26,316
DA:27,316
DA:28,316
DA:29,316
DA:30,316
LF:30
LH:30
BRDA:7,0,0,66
BRDA:10,1,0,126
BRDA:13,2,0,66
BRDA:13,3,0,60
BRDA:24,4,0,316
BRF:5
BRH:5
end_of_record
TN:
SF:src/cookie/cookie.interface.ts
FNF:0
FNH:0
DA:1,1
DA:2,1
DA:3,1
DA:4,1
DA:5,1
DA:6,1
DA:7,1
DA:8,1
DA:9,1
DA:10,1
DA:11,1
DA:12,1
DA:13,1
DA:14,1
DA:15,1
DA:16,1
DA:17,1
DA:18,1
DA:19,1
DA:20,1
DA:21,1
DA:22,1
DA:23,1
DA:24,1
DA:25,1
DA:26,1
DA:27,1
DA:28,1
DA:29,1
DA:30,1
DA:31,1
DA:32,1
DA:33,1
DA:34,1
DA:35,1
DA:36,1
DA:37,1
DA:38,1
DA:39,1
DA:40,1
DA:41,1
DA:42,1
DA:43,1
DA:44,1
LF:44
LH:44
BRF:0
BRH:0
end_of_record
TN:
SF:src/cookie/cookie.ts
FN:20,parseCookieString
FN:80,parseCookie
FNF:2
FNH:2
FNDA:12,parseCookieString
FNDA:79,parseCookie
DA:1,1
DA:2,1
DA:3,1
DA:4,1
DA:5,1
DA:6,1
DA:7,1
DA:8,1
DA:9,1
DA:10,1
DA:11,1
DA:12,1
DA:13,1
DA:14,1
DA:15,1
DA:16,1
DA:17,1
DA:18,1
DA:19,1
DA:20,1
DA:21,12
DA:22,12
DA:23,12
DA:24,12
DA:25,12
DA:26,12
DA:27,12
DA:28,12
DA:29,12
DA:30,12
DA:31,12
DA:32,12
DA:33,12
DA:34,65
DA:35,65
DA:36,1
DA:37,1
DA:38,1
DA:39,1
DA:40,65
DA:41,65
DA:42,65
DA:43,65
DA:44,65
DA:45,65
DA:46,65
DA:47,28
DA:48,41
DA:49,4
DA:50,4
DA:51,12
DA:52,12
DA:53,12
DA:54,12
DA:55,12
DA:56,12
DA:57,12
DA:58,1
DA:59,12
DA:60,1
DA:61,1
DA:62,12
DA:63,12
DA:64,4
DA:65,4
DA:66,12
DA:67,12
DA:68,1
DA:69,1
DA:70,11
DA:71,11
DA:72,11
DA:73,1
DA:74,1
DA:75,1
DA:76,1
DA:77,1
DA:78,1
DA:79,1
DA:80,1
DA:81,79
DA:82,1
DA:83,1
DA:84,79
DA:85,79
DA:86,79
DA:87,1
DA:88,1
DA:89,1
DA:90,1
DA:91,474
DA:92,474
DA:93,474
DA:94,474
DA:95,474
DA:96,474
DA:97,315
DA:98,315
DA:99,474
DA:100,79
DA:101,79
DA:102,474
DA:103,79
DA:104,79
DA:105,79
DA:106,79
DA:107,1
LF:107
LH:107
BRDA:20,0,0,12
BRDA:57,1,0,10
BRDA:57,2,0,1
BRDA:59,3,0,11
BRDA:59,4,0,2
BRDA:59,5,0,1
BRDA:63,6,0,4
BRDA:63,7,0,2
BRDA:63,8,0,4
BRDA:64,9,0,2
BRDA:67,10,0,11
BRDA:67,11,0,1
BRDA:70,12,0,11
BRDA:33,13,0,65
BRDA:37,14,0,1
BRDA:46,15,0,41
BRDA:46,16,0,28
BRDA:48,17,0,37
BRDA:48,18,0,4
BRDA:80,19,0,79
BRDA:81,20,0,1
BRDA:86,21,0,474
BRDA:88,22,0,1
BRDA:96,23,0,315
BRDA:101,24,0,474
BRF:25
BRH:25
end_of_record
TN:
SF:src/cookie/index.ts
FNF:0
FNH:0
DA:1,1
DA:2,1
LF:2
LH:2
BRF:0
BRH:0
end_of_record
TN:
SF:src/error/error.ts
FN:7,<instance_members_initializer>
FN:23,HoyoAPIError
FNF:2
FNH:2
FNDA:24,<instance_members_initializer>
FNDA:24,HoyoAPIError
DA:1,1
DA:2,1
DA:3,1
DA:4,1
DA:5,1
DA:6,1
DA:7,24
DA:8,24
DA:9,24
DA:10,24
DA:11,24
DA:12,24
DA:13,24
DA:14,24
DA:15,24
DA:16,24
DA:17,24
DA:18,24
DA:19,24
DA:20,24
DA:21,24
DA:22,24
DA:23,24
DA:24,24
DA:25,24
DA:26,24
DA:27,24
DA:28,24
DA:29,24
DA:30,24
DA:31,24
DA:32,24
DA:33,24
DA:34,24
DA:35,24
DA:36,24
DA:37,24
DA:38,24
DA:39,24
LF:39
LH:39
BRDA:7,0,0,24
BRDA:23,1,0,24
BRF:2
BRH:2
end_of_record
TN:
SF:src/error/index.ts
FNF:0
FNH:0
DA:1,1
LF:1
LH:1
BRF:0
BRH:0
end_of_record
TN:
SF:src/language/index.ts
FNF:0
FNH:0
DA:1,1
DA:2,1
LF:2
LH:2
BRF:0
BRH:0
end_of_record
TN:
SF:src/language/language.interface.ts
FNF:0
FNH:0
DA:1,1
DA:2,1
DA:3,1
DA:4,20
DA:5,20
DA:6,20
DA:7,20
DA:8,20
DA:9,20
DA:10,20
DA:11,20
DA:12,20
DA:13,20
DA:14,20
DA:15,20
DA:16,20
DA:17,20
DA:18,20
DA:19,20
DA:20,20
DA:21,20
DA:22,20
DA:23,20
DA:24,20
DA:25,20
DA:26,20
DA:27,20
DA:28,20
DA:29,20
DA:30,20
DA:31,20
DA:32,20
DA:33,20
DA:34,20
DA:35,20
DA:36,20
DA:37,20
DA:38,20
DA:39,20
DA:40,20
DA:41,20
DA:42,20
DA:43,20
DA:44,20
DA:45,20
DA:46,20
DA:47,20
DA:48,20
DA:49,20
DA:50,20
DA:51,20
DA:52,20
DA:53,20
DA:54,20
DA:55,20
DA:56,20
DA:57,20
DA:58,20
DA:59,20
DA:60,20
DA:61,20
DA:62,20
DA:63,20
DA:64,20
DA:65,20
DA:66,20
DA:67,20
DA:68,20
DA:69,20
DA:70,20
DA:71,20
DA:72,20
DA:73,20
DA:74,20
DA:75,20
DA:76,20
DA:77,20
DA:78,20
DA:79,20
DA:80,1
DA:81,1
LF:81
LH:81
BRDA:4,0,0,20
BRF:1
BRH:1
end_of_record
TN:
SF:src/language/language.ts
FN:17,parseLang
FNF:1
FNH:1
FNDA:50,parseLang
DA:1,1
DA:2,1
DA:3,1
DA:4,1
DA:5,1
DA:6,1
DA:7,1
DA:8,1
DA:9,1
DA:10,1
DA:11,1
DA:12,1
DA:13,1
DA:14,1
DA:15,1
DA:16,1
DA:17,1
DA:18,50
DA:19,44
DA:20,44
DA:21,6
DA:22,6
DA:23,6
DA:24,6
DA:25,6
DA:26,6
DA:27,6
DA:28,7
DA:29,50
DA:30,50
DA:31,1
LF:31
LH:31
BRDA:17,0,0,50
BRDA:18,1,0,44
BRDA:21,2,0,7
BRDA:21,3,0,6
BRDA:28,4,0,5
BRDA:29,5,0,1
BRDA:24,6,0,47
BRF:7
BRH:7
end_of_record
TN:
SF:src/module/index.ts
FNF:0
FNH:0
DA:1,1
DA:2,1
LF:2
LH:2
BRF:0
BRH:0
end_of_record
TN:
SF:src/module/daily/daily.interface.ts
FNF:0
FNH:0
DA:1,1
DA:2,1
DA:3,1
DA:4,1
DA:5,1
DA:6,1
DA:7,1
DA:8,1
DA:9,1
DA:10,1
DA:11,1
DA:12,1
DA:13,1
DA:14,1
DA:15,1
DA:16,1
DA:17,1
DA:18,1
DA:19,1
DA:20,1
DA:21,1
DA:22,1
DA:23,1
DA:24,1
DA:25,1
DA:26,1
DA:27,1
DA:28,1
DA:29,1
DA:30,1
DA:31,1
DA:32,1
DA:33,1
DA:34,1
DA:35,1
DA:36,1
DA:37,1
DA:38,1
DA:39,1
DA:40,1
DA:41,1
DA:42,1
DA:43,1
DA:44,1
DA:45,1
DA:46,1
DA:47,1
DA:48,1
DA:49,1
DA:50,1
DA:51,1
DA:52,1
DA:53,1
DA:54,1
DA:55,1
DA:56,1
DA:57,1
DA:58,1
DA:59,1
DA:60,1
DA:61,1
DA:62,1
DA:63,1
DA:64,1
DA:65,1
DA:66,1
DA:67,1
DA:68,1
DA:69,1
DA:70,1
DA:71,1
DA:72,1
DA:73,1
DA:74,1
DA:75,1
DA:76,1
DA:77,1
DA:78,1
DA:79,1
DA:80,1
DA:81,1
DA:82,1
DA:83,1
DA:84,1
DA:85,1
DA:86,1
DA:87,1
DA:88,1
DA:89,1
DA:90,1
DA:91,1
DA:92,1
DA:93,1
DA:94,1
DA:95,1
DA:96,1
DA:97,1
DA:98,1
DA:99,1
DA:100,1
DA:101,1
DA:102,1
DA:103,1
DA:104,1
DA:105,1
DA:106,1
DA:107,1
DA:108,1
DA:109,1
DA:110,1
DA:111,1
DA:112,1
DA:113,1
DA:114,1
DA:115,1
DA:116,1
DA:117,1
DA:118,1
DA:119,1
DA:120,1
DA:121,1
DA:122,1
DA:123,1
DA:124,1
DA:125,1
DA:126,1
DA:127,1
DA:128,1
DA:129,1
DA:130,1
DA:131,1
DA:132,1
DA:133,1
DA:134,1
DA:135,1
DA:136,1
DA:137,1
LF:137
LH:137
BRF:0
BRH:0
end_of_record
TN:
SF:src/module/daily/daily.ts
FN:20,<instance_members_initializer>
FN:25,DailyModule
FN:41,info
FN:86,rewards
FN:125,reward
FN:163,claim
FNF:6
FNH:6
FNDA:42,<instance_members_initializer>
FNDA:42,DailyModule
FNDA:6,info
FNDA:12,rewards
FNDA:9,reward
FNDA:3,claim
DA:1,1
DA:2,1
DA:3,1
DA:4,1
DA:5,1
DA:6,1
DA:7,1
DA:8,1
DA:9,1
DA:10,1
DA:11,1
DA:12,1
DA:13,1
DA:14,1
DA:15,1
DA:16,1
DA:17,1
DA:18,1
DA:19,1
DA:20,42
DA:21,42
DA:22,42
DA:23,42
DA:24,42
DA:25,42
DA:26,42
DA:27,42
DA:28,42
DA:29,42
DA:30,42
DA:31,42
DA:32,42
DA:33,42
DA:34,42
DA:35,42
DA:36,42
DA:37,42
DA:38,42
DA:39,42
DA:40,42
DA:41,42
DA:42,6
DA:43,6
DA:44,6
DA:45,6
DA:46,6
DA:47,6
DA:48,6
DA:49,6
DA:50,6
DA:51,6
DA:52,2
DA:53,2
DA:54,6
DA:55,6
DA:56,4
DA:57,4
DA:58,4
DA:59,4
DA:60,4
DA:61,4
DA:62,4
DA:63,4
DA:64,4
DA:65,6
DA:66,6
DA:67,4
DA:68,4
DA:69,6
DA:70,6
DA:71,4
DA:72,4
DA:73,6
DA:74,6
DA:75,4
DA:76,4
DA:77,6
DA:78,6
DA:79,6
DA:80,42
DA:81,42
DA:82,42
DA:83,42
DA:84,42
DA:85,42
DA:86,42
DA:87,12
DA:88,12
DA:89,12
DA:90,12
DA:91,12
DA:92,12
DA:93,12
DA:94,12
DA:95,12
DA:96,8
DA:97,8
DA:98,12
DA:99,12
DA:100,4
DA:101,12
DA:102,4
DA:103,4
DA:104,4
DA:105,1
DA:106,1
DA:107,1
DA:108,1
DA:109,1
DA:110,1
DA:111,1
DA:112,1
DA:113,4
DA:114,12
DA:115,12
DA:116,12
DA:117,42
DA:118,42
DA:119,42
DA:120,42
DA:121,42
DA:122,42
DA:123,42
DA:124,42
DA:125,42
DA:126,9
DA:127,9
DA:128,9
DA:129,1
DA:130,1
DA:131,1
DA:132,1
DA:133,1
DA:134,1
DA:135,6
DA:136,9
DA:137,9
DA:138,9
DA:139,9
DA:140,9
DA:141,9
DA:142,9
DA:143,9
DA:144,6
DA:145,9
DA:146,3
DA:147,3
DA:148,6
DA:149,6
DA:150,6
DA:151,6
DA:152,6
DA:153,6
DA:154,6
DA:155,6
DA:156,6
DA:157,42
DA:158,42
DA:159,42
DA:160,42
DA:161,42
DA:162,42
DA:163,42
DA:164,3
DA:165,3
DA:166,3
DA:167,3
DA:168,3
DA:169,3
DA:170,3
DA:171,3
DA:172,3
DA:173,3
DA:174,3
DA:175,1
DA:176,1
DA:177,1
DA:178,1
DA:179,1
DA:180,1
DA:181,1
DA:182,1
DA:183,1
DA:184,1
DA:185,1
DA:186,1
DA:187,1
DA:188,1
DA:189,1
DA:190,1
DA:191,1
DA:192,1
DA:193,1
DA:194,1
DA:195,1
DA:196,1
DA:197,1
DA:198,1
DA:199,1
DA:200,1
DA:201,1
DA:202,1
DA:203,1
DA:204,1
DA:205,1
DA:206,1
DA:207,1
LF:207
LH:207
BRDA:20,0,0,42
BRDA:25,1,0,42
BRDA:41,2,0,6
BRDA:51,3,0,4
BRDA:51,4,0,2
BRDA:55,5,0,4
BRDA:66,6,0,4
BRDA:70,7,0,4
BRDA:74,8,0,4
BRDA:74,9,0,4
BRDA:86,10,0,12
BRDA:95,11,0,8
BRDA:99,12,0,4
BRDA:101,13,0,8
BRDA:101,14,0,4
BRDA:106,15,0,1
BRDA:111,16,0,1
BRDA:125,17,0,9
BRDA:128,18,0,6
BRDA:132,19,0,1
BRDA:143,20,0,6
BRDA:145,21,0,3
BRDA:148,22,0,6
BRDA:163,23,0,3
BRDA:176,24,0,1
BRDA:188,25,0,1
BRDA:190,26,0,1
BRDA:198,27,0,1
BRF:28
BRH:28
end_of_record
TN:
SF:src/module/daily/index.ts
FNF:0
FNH:0
DA:1,1
DA:2,1
LF:2
LH:2
BRF:0
BRH:0
end_of_record
TN:
SF:src/module/redeem/index.ts
FNF:0
FNH:0
DA:1,1
DA:2,1
LF:2
LH:2
BRF:0
BRH:0
end_of_record
TN:
SF:src/module/redeem/redeem.interface.ts
FNF:0
FNH:0
DA:1,1
DA:2,1
DA:3,1
DA:4,1
DA:5,1
DA:6,1
DA:7,1
DA:8,1
DA:9,1
DA:10,1
DA:11,1
DA:12,1
DA:13,1
DA:14,1
DA:15,1
DA:16,1
DA:17,1
DA:18,1
DA:19,1
LF:19
LH:19
BRF:0
BRH:0
end_of_record
TN:
SF:src/module/redeem/redeem.ts
FN:15,<instance_members_initializer>
FN:24,RedeemModule
FN:42,claim
FNF:3
FNH:3
FNDA:42,<instance_members_initializer>
FNDA:42,RedeemModule
FNDA:6,claim
DA:1,1
DA:2,1
DA:3,1
DA:4,1
DA:5,1
DA:6,1
DA:7,1
DA:8,1
DA:9,1
DA:10,1
DA:11,1
DA:12,1
DA:13,1
DA:14,1
DA:15,42
DA:16,42
DA:17,42
DA:18,42
DA:19,42
DA:20,42
DA:21,42
DA:22,42
DA:23,42
DA:24,42
DA:25,42
DA:26,42
DA:27,42
DA:28,42
DA:29,42
DA:30,42
DA:31,42
DA:32,42
DA:33,42
DA:34,42
DA:35,42
DA:36,42
DA:37,42
DA:38,42
DA:39,42
DA:40,42
DA:41,42
DA:42,42
DA:43,6
DA:44,3
DA:45,3
DA:46,3
DA:47,3
DA:48,3
DA:49,3
DA:50,3
DA:51,3
DA:52,3
DA:53,3
DA:54,3
DA:55,3
DA:56,3
DA:57,3
DA:58,3
DA:59,3
DA:60,42
LF:60
LH:60
BRDA:15,0,0,42
BRDA:24,1,0,42
BRDA:42,2,0,6
BRDA:43,3,0,3
BRDA:43,4,0,3
BRF:5
BRH:5
end_of_record
TN:
SF:src/request/index.ts
FNF:0
FNH:0
DA:1,1
DA:2,1
LF:2
LH:2
BRF:0
BRH:0
end_of_record
TN:
SF:src/request/request.helper.ts
FN:8,generateDS
FN:33,delay
FNF:2
FNH:2
FNDA:9,generateDS
FNDA:1,delay
DA:1,1
DA:2,1
DA:3,1
DA:4,1
DA:5,1
DA:6,1
DA:7,1
DA:8,9
DA:9,9
DA:10,9
DA:11,9
DA:12,9
DA:13,9
DA:14,9
DA:15,9
DA:16,54
DA:17,54
DA:18,54
DA:19,54
DA:20,9
DA:21,9
DA:22,9
DA:23,9
DA:24,9
DA:25,9
DA:26,9
DA:27,1
DA:28,1
DA:29,1
DA:30,1
DA:31,1
DA:32,1
DA:33,1
DA:34,1
DA:35,1
DA:36,1
DA:37,1
LF:37
LH:37
BRDA:8,0,0,9
BRDA:15,1,0,54
BRDA:33,2,0,1
BRDA:34,3,0,1
BRF:4
BRH:4
end_of_record
TN:
SF:src/request/request.inteface.ts
FNF:0
FNH:0
DA:1,1
DA:2,1
DA:3,1
DA:4,1
DA:5,1
DA:6,1
DA:7,1
DA:8,1
DA:9,1
DA:10,1
DA:11,1
DA:12,1
DA:13,1
DA:14,1
DA:15,1
DA:16,1
DA:17,1
DA:18,1
DA:19,1
DA:20,1
DA:21,1
DA:22,1
DA:23,1
DA:24,1
DA:25,1
DA:26,1
DA:27,1
DA:28,1
DA:29,1
DA:30,1
DA:31,1
DA:32,1
DA:33,1
DA:34,1
DA:35,1
DA:36,1
DA:37,1
DA:38,1
DA:39,1
DA:40,1
DA:41,1
DA:42,1
DA:43,1
DA:44,1
DA:45,1
DA:46,1
DA:47,1
DA:48,1
DA:49,1
DA:50,1
DA:51,1
LF:51
LH:51
BRF:0
BRH:0
end_of_record
TN:
SF:src/request/request.ts
FN:23,<instance_members_initializer>
FN:70,HTTPRequest
FN:81,setQueryParams
FN:92,setBody
FN:103,setReferer
FN:115,setLang
FN:127,setDs
FN:141,send
FN:147,fetch
FNF:9
FNH:9
FNDA:86,<instance_members_initializer>
FNDA:86,HTTPRequest
FNDA:94,setQueryParams
FNDA:4,setBody
FNDA:43,setReferer
FNDA:96,setLang
FNDA:10,setDs
FNDA:69,send
FNDA:69,fetch
DA:1,1
DA:2,1
DA:3,1
DA:4,1
DA:5,1
DA:6,1
DA:7,1
DA:8,1
DA:9,1
DA:10,1
DA:11,1
DA:12,1
DA:13,1
DA:14,1
DA:15,1
DA:16,1
DA:17,1
DA:18,1
DA:19,1
DA:20,1
DA:21,1
DA:22,1
DA:23,86
DA:24,86
DA:25,86
DA:26,86
DA:27,86
DA:28,86
DA:29,86
DA:30,86
DA:31,86
DA:32,86
DA:33,86
DA:34,86
DA:35,86
DA:36,86
DA:37,86
DA:38,86
DA:39,86
DA:40,86
DA:41,86
DA:42,86
DA:43,86
DA:44,86
DA:45,86
DA:46,86
DA:47,86
DA:48,86
DA:49,86
DA:50,86
DA:51,86
DA:52,86
DA:53,86
DA:54,86
DA:55,86
DA:56,86
DA:57,86
DA:58,86
DA:59,86
DA:60,86
DA:61,86
DA:62,86
DA:63,86
DA:64,86
DA:65,86
DA:66,86
DA:67,86
DA:68,86
DA:69,86
DA:70,86
DA:71,86
DA:72,86
DA:73,86
DA:74,86
DA:75,86
DA:76,86
DA:77,86
DA:78,86
DA:79,86
DA:80,86
DA:81,86
DA:82,94
DA:83,94
DA:84,94
DA:85,86
DA:86,86
DA:87,86
DA:88,86
DA:89,86
DA:90,86
DA:91,86
DA:92,86
DA:93,4
DA:94,4
DA:95,4
DA:96,86
DA:97,86
DA:98,86
DA:99,86
DA:100,86
DA:101,86
DA:102,86
DA:103,86
DA:104,43
DA:105,43
DA:106,43
DA:107,43
DA:108,86
DA:109,86
DA:110,86
DA:111,86
DA:112,86
DA:113,86
DA:114,86
DA:115,86
DA:116,96
DA:117,96
DA:118,96
DA:119,96
DA:120,86
DA:121,86
DA:122,86
DA:123,86
DA:124,86
DA:125,86
DA:126,86
DA:127,86
DA:128,10
DA:129,10
DA:130,10
DA:131,86
DA:132,86
DA:133,86
DA:134,86
DA:135,86
DA:136,86
DA:137,86
DA:138,86
DA:139,86
DA:140,86
DA:141,86
DA:142,69
DA:143,69
DA:144,69
DA:145,69
DA:146,69
DA:147,69
DA:148,69
DA:149,69
DA:150,69
DA:151,69
DA:152,69
DA:153,1
DA:154,1
DA:155,69
DA:156,69
DA:157,69
DA:158,69
DA:159,69
DA:160,69
DA:161,69
DA:162,69
DA:163,69
DA:164,69
DA:165,69
DA:166,69
DA:167,1
DA:168,1
DA:169,1
DA:170,1
DA:171,69
DA:172,69
DA:173,69
DA:174,69
DA:175,74
DA:176,69
DA:177,69
DA:178,69
DA:179,69
DA:180,69
DA:181,69
DA:182,69
DA:183,69
DA:184,16
DA:185,67
DA:186,1
DA:187,53
DA:188,1
DA:189,1
DA:190,69
DA:191,69
DA:192,69
DA:193,69
DA:194,69
DA:195,69
DA:196,69
DA:197,68
DA:198,68
DA:199,68
DA:200,68
DA:201,68
DA:202,68
DA:203,68
DA:204,68
DA:205,68
DA:206,1
DA:207,1
DA:208,68
DA:209,68
DA:210,68
DA:211,68
DA:212,68
DA:213,1
DA:214,1
DA:215,1
DA:216,1
DA:217,69
DA:218,1
DA:219,1
DA:220,1
DA:221,1
DA:222,1
DA:223,1
DA:224,69
DA:225,69
DA:226,69
DA:227,1
DA:228,1
DA:229,69
DA:230,69
DA:231,69
DA:232,69
DA:233,6
DA:234,6
DA:235,69
DA:236,69
DA:237,69
DA:238,69
DA:239,69
DA:240,69
DA:241,69
DA:242,69
DA:243,69
DA:244,69
DA:245,69
DA:246,69
DA:247,69
DA:248,69
DA:249,69
DA:250,69
DA:251,69
DA:252,69
DA:253,1
DA:254,1
DA:255,1
DA:256,1
DA:257,1
DA:258,69
DA:259,69
DA:260,9
DA:261,9
DA:262,69
DA:263,69
DA:264,67
DA:265,67
DA:266,67
DA:267,1
DA:268,1
DA:269,1
DA:270,1
DA:271,1
DA:272,1
DA:273,1
DA:274,1
DA:275,1
DA:276,1
DA:277,1
DA:278,1
DA:279,1
DA:280,1
DA:281,1
DA:282,1
LF:282
LH:282
BRDA:23,0,0,86
BRDA:70,1,0,86
BRDA:71,2,0,75
BRDA:81,3,0,94
BRDA:92,4,0,4
BRDA:103,5,0,43
BRDA:115,6,0,96
BRDA:127,7,0,10
BRDA:141,8,0,69
BRDA:254,9,0,1
BRDA:259,10,0,9
BRDA:264,11,0,67
BRDA:268,12,0,1
BRDA:268,13,0,1
BRDA:273,14,0,1
BRDA:147,15,0,69
BRDA:148,16,0,69
BRDA:232,17,0,6
BRDA:152,18,0,159
BRDA:154,19,0,1
BRDA:154,20,0,1
BRDA:164,21,0,69
BRDA:166,22,0,1
BRDA:166,23,0,1
BRDA:174,24,0,74
BRDA:178,25,0,69
BRDA:183,26,0,67
BRDA:183,27,0,16
BRDA:185,28,0,53
BRDA:185,29,0,1
BRDA:187,30,0,52
BRDA:187,31,0,1
BRDA:196,32,0,68
BRDA:201,33,0,67
BRDA:201,34,0,4
BRDA:202,35,0,67
BRDA:202,36,0,1
BRDA:203,37,0,67
BRDA:203,38,0,1
BRDA:207,39,0,1
BRDA:212,40,0,1
BRDA:217,41,0,1
BRF:42
BRH:42
end_of_record
TN:
SF:src/routes/index.ts
FNF:0
FNH:0
DA:1,1
LF:1
LH:1
BRF:0
BRH:0
end_of_record
TN:
SF:src/routes/routes.ts
FN:16,getEventName
FN:28,getEventBaseUrl
FN:41,getActId
FN:54,DAILY_INFO_API
FN:60,DAILY_REWARD_API
FN:66,DAILY_CLAIM_API
FNF:6
FNH:6
FNDA:1,getEventName
FNDA:1,getEventBaseUrl
FNDA:1,getActId
FNDA:1,DAILY_INFO_API
FNDA:1,DAILY_REWARD_API
FNDA:1,DAILY_CLAIM_API
DA:1,1
DA:2,1
DA:3,1
DA:4,1
DA:5,1
DA:6,1
DA:7,1
DA:8,1
DA:9,1
DA:10,1
DA:11,1
DA:12,1
DA:13,1
DA:14,1
DA:15,1
DA:16,1
DA:17,1
DA:18,1
DA:19,1
DA:20,1
DA:21,1
DA:22,1
DA:23,1
DA:24,1
DA:25,1
DA:26,1
DA:27,1
DA:28,1
DA:29,1
DA:30,1
DA:31,1
DA:32,1
DA:33,1
DA:34,1
DA:35,1
DA:36,1
DA:37,1
DA:38,1
DA:39,1
DA:40,1
DA:41,1
DA:42,1
DA:43,1
DA:44,1
DA:45,1
DA:46,1
DA:47,1
DA:48,1
DA:49,1
DA:50,1
DA:51,1
DA:52,1
DA:53,1
DA:54,1
DA:55,1
DA:56,1
DA:57,1
DA:58,1
DA:59,1
DA:60,1
DA:61,1
DA:62,1
DA:63,1
DA:64,1
DA:65,1
DA:66,1
DA:67,1
DA:68,1
DA:69,1
DA:70,1
DA:71,1
DA:72,1
DA:73,1
DA:74,1
DA:75,1
DA:76,1
DA:77,1
DA:78,1
DA:79,1
DA:80,1
DA:81,1
DA:82,1
DA:83,1
DA:84,1
DA:85,1
DA:86,1
LF:86
LH:86
BRDA:16,0,0,1
BRDA:17,1,0,1
BRDA:19,2,0,1
BRDA:19,3,0,1
BRDA:24,4,0,1
BRDA:28,5,0,1
BRDA:29,6,0,1
BRDA:31,7,0,1
BRDA:32,8,0,1
BRDA:37,9,0,1
BRDA:41,10,0,1
BRDA:42,11,0,1
BRDA:44,12,0,1
BRDA:44,13,0,1
BRDA:49,14,0,1
BRDA:54,15,0,1
BRDA:60,16,0,1
BRDA:66,17,0,1
BRF:18
BRH:18
end_of_record
